#
# There is insufficient memory for the Java Runtime Environment to continue.
# Native memory allocation (mmap) failed to map 266338304 bytes. Error detail: G1 virtual space
# Possible reasons:
#   The system is out of physical RAM or swap space
#   This process is running with CompressedOops enabled, and the Java Heap may be blocking the growth of the native heap
# Possible solutions:
#   Reduce memory load on the system
#   Increase physical memory or swap space
#   Check if swap backing store is full
#   Decrease Java heap size (-Xmx/-Xms)
#   Decrease number of Java threads
#   Decrease Java thread stack sizes (-Xss)
#   Set larger code cache with -XX:ReservedCodeCacheSize=
#   JVM is running with Zero Based Compressed Oops mode in which the Java heap is
#     placed in the first 32GB address space. The Java Heap base address is the
#     maximum limit for the native heap growth. Please use -XX:HeapBaseMinAddress
#     to set the Java Heap base and to place the Java Heap above 32GB virtual address.
# This output file may be truncated or incomplete.
#
#  Out of Memory Error (os_windows.cpp:3828), pid=14296, tid=20244
#
# JRE version:  (21.0.5) (build )
# Java VM: OpenJDK 64-Bit Server VM (21.0.5+-13047016-b750.29, mixed mode, sharing, tiered, compressed oops, compressed class ptrs, g1 gc, windows-amd64)
# No core dump will be written. Minidumps are not enabled by default on client versions of Windows
#

---------------  S U M M A R Y ------------

Command Line: -Dorg.gradle.appname=gradlew org.gradle.wrapper.GradleWrapperMain -q -Ptarget-platform=android-arm64 -Ptarget=E:\NewProAmbit\Ambit-Pro\lib\main.dart -Pbase-application-name=android.app.Application -Pdart-defines=Zmx1dHRlci5pbnNwZWN0b3Iuc3RydWN0dXJlZEVycm9ycz10cnVl -Pdart-obfuscation=false -Ptrack-widget-creation=true -Ptree-shake-icons=false -Pfilesystem-scheme=org-dartlang-root assembleDebug

Host: Intel(R) Core(TM) i7-8650U CPU @ 1.90GHz, 8 cores, 15G,  Windows 11 , 64 bit Build 26100 (10.0.26100.3775)
Time: Wed May 14 17:15:49 2025 Pakistan Standard Time elapsed time: 2.028954 seconds (0d 0h 0m 2s)

---------------  T H R E A D  ---------------

Current thread (0x00000288f66a9800):  JavaThread "Unknown thread" [_thread_in_vm, id=20244, stack(0x000000890da00000,0x000000890db00000) (1024K)]

Stack: [0x000000890da00000,0x000000890db00000]
Native frames: (J=compiled Java code, j=interpreted, Vv=VM code, C=native code)
V  [jvm.dll+0x6cfb29]
V  [jvm.dll+0x85df93]
V  [jvm.dll+0x8604ee]
V  [jvm.dll+0x860bd3]
V  [jvm.dll+0x27e6b6]
V  [jvm.dll+0x6cc385]
V  [jvm.dll+0x6c078a]
V  [jvm.dll+0x35525b]
V  [jvm.dll+0x35ceb6]
V  [jvm.dll+0x3aedd6]
V  [jvm.dll+0x3af0a8]
V  [jvm.dll+0x32792c]
V  [jvm.dll+0x32861b]
V  [jvm.dll+0x8259d9]
V  [jvm.dll+0x3bbfa8]
V  [jvm.dll+0x80ec88]
V  [jvm.dll+0x45015e]
V  [jvm.dll+0x4518c1]
C  [jli.dll+0x52ab]
C  [ucrtbase.dll+0x37b0]
C  [KERNEL32.DLL+0x2e8d7]
C  [ntdll.dll+0xb14fc]


---------------  P R O C E S S  ---------------

Threads class SMR info:
_java_thread_list=0x00007ffe46e80808, length=0, elements={
}

Java Threads: ( => current thread )
Total: 0

Other Threads:
  0x00000288f6710380 WorkerThread "GC Thread#0"                     [id=8720, stack(0x000000890db00000,0x000000890dc00000) (1024K)]
  0x00000288f6721ee0 ConcurrentGCThread "G1 Main Marker"            [id=3068, stack(0x000000890dc00000,0x000000890dd00000) (1024K)]
  0x00000288f67229e0 WorkerThread "G1 Conc#0"                       [id=20236, stack(0x000000890dd00000,0x000000890de00000) (1024K)]

[error occurred during error reporting (printing all threads), id 0xc0000005, EXCEPTION_ACCESS_VIOLATION (0xc0000005) at pc=0x00007ffe4667a967]
VM state: not at safepoint (not fully initialized)

VM Mutex/Monitor currently owned by a thread:  ([mutex/lock_event])
[0x00007ffe46eed460] Heap_lock - owner thread: 0x00000288f66a9800

Heap address: 0x0000000702c00000, size: 4052 MB, Compressed Oops mode: Zero based, Oop shift amount: 3

CDS archive(s) mapped at: [0x0000000000000000-0x0000000000000000-0x0000000000000000), size 0, SharedBaseAddress: 0x0000000800000000, ArchiveRelocationMode: 1.
Narrow klass base: 0x0000000000000000, Narrow klass shift: 0, Narrow klass range: 0x0

GC Precious Log:
 CardTable entry size: 512
 Card Set container configuration: InlinePtr #cards 4 size 8 Array Of Cards #cards 16 size 48 Howl #buckets 8 coarsen threshold 3686 Howl Bitmap #cards 512 size 80 coarsen threshold 460 Card regions per heap region 1 cards per card region 4096

Heap:
 garbage-first heap   total 0K, used 0K [0x0000000702c00000, 0x0000000800000000)
  region size 2048K, 0 young (0K), 0 survivors (0K)
 Metaspace       used 0K, committed 0K, reserved 0K
  class space    used 0K, committed 0K, reserved 0K

Heap Regions: E=young(eden), S=young(survivor), O=old, HS=humongous(starts), HC=humongous(continues), CS=collection set, F=free, TAMS=top-at-mark-start, PB=parsable bottom

Card table byte_map: [0x00000288faaa0000,0x00000288fb290000] _byte_map_base: 0x00000288f728a000

Marking Bits: (CMBitMap*) 0x00000288f6710a80
 Bits: [0x00000288fb290000, 0x00000288ff1e0000)

GC Heap History (0 events):
No events

Dll operation events (1 events):
Event: 0.013 Loaded shared library C:\Program Files\Android\Android Studio\jbr\bin\java.dll

Deoptimization events (0 events):
No events

Classes loaded (0 events):
No events

Classes unloaded (0 events):
No events

Classes redefined (0 events):
No events

Internal exceptions (0 events):
No events

ZGC Phase Switch (0 events):
No events

VM Operations (0 events):
No events

Memory protections (0 events):
No events

Nmethod flushes (0 events):
No events

Events (0 events):
No events


Dynamic libraries:
0x00007ff755530000 - 0x00007ff75553a000 	C:\Program Files\Android\Android Studio\jbr\bin\java.exe
0x00007ffee67a0000 - 0x00007ffee6a00000 	C:\WINDOWS\SYSTEM32\ntdll.dll
0x00007ffee4c10000 - 0x00007ffee4cd7000 	C:\WINDOWS\System32\KERNEL32.DLL
0x00007ffee4070000 - 0x00007ffee443a000 	C:\WINDOWS\System32\KERNELBASE.dll
0x00007ffee3980000 - 0x00007ffee3acb000 	C:\WINDOWS\System32\ucrtbase.dll
0x00007ffeda5a0000 - 0x00007ffeda5bb000 	C:\Program Files\Android\Android Studio\jbr\bin\VCRUNTIME140.dll
0x00007ffecf740000 - 0x00007ffecf758000 	C:\Program Files\Android\Android Studio\jbr\bin\jli.dll
0x00007ffee64e0000 - 0x00007ffee66ac000 	C:\WINDOWS\System32\USER32.dll
0x00007ffec9020000 - 0x00007ffec92b7000 	C:\WINDOWS\WinSxS\amd64_microsoft.windows.common-controls_6595b64144ccf1df_6.0.26100.3624_none_3e086962e3345f24\COMCTL32.dll
0x00007ffee4040000 - 0x00007ffee4067000 	C:\WINDOWS\System32\win32u.dll
0x00007ffee66b0000 - 0x00007ffee6759000 	C:\WINDOWS\System32\msvcrt.dll
0x00007ffee4f40000 - 0x00007ffee4f6a000 	C:\WINDOWS\System32\GDI32.dll
0x00007ffee3c40000 - 0x00007ffee3d71000 	C:\WINDOWS\System32\gdi32full.dll
0x00007ffee3f00000 - 0x00007ffee3fa3000 	C:\WINDOWS\System32\msvcp_win.dll
0x00007ffee6480000 - 0x00007ffee64af000 	C:\WINDOWS\System32\IMM32.DLL
0x00007ffedb8f0000 - 0x00007ffedb8fc000 	C:\Program Files\Android\Android Studio\jbr\bin\vcruntime140_1.dll
0x00007ffeb8990000 - 0x00007ffeb8a1d000 	C:\Program Files\Android\Android Studio\jbr\bin\msvcp140.dll
0x00007ffe46340000 - 0x00007ffe46fca000 	C:\Program Files\Android\Android Studio\jbr\bin\server\jvm.dll
0x00007ffee59e0000 - 0x00007ffee5a92000 	C:\WINDOWS\System32\ADVAPI32.dll
0x00007ffee5930000 - 0x00007ffee59d6000 	C:\WINDOWS\System32\sechost.dll
0x00007ffee4860000 - 0x00007ffee4976000 	C:\WINDOWS\System32\RPCRT4.dll
0x00007ffee4b90000 - 0x00007ffee4c04000 	C:\WINDOWS\System32\WS2_32.dll
0x00007ffee2610000 - 0x00007ffee266e000 	C:\WINDOWS\SYSTEM32\POWRPROF.dll
0x00007ffed0430000 - 0x00007ffed0466000 	C:\WINDOWS\SYSTEM32\WINMM.dll
0x00007ffeda090000 - 0x00007ffeda09b000 	C:\WINDOWS\SYSTEM32\VERSION.dll
0x00007ffee25f0000 - 0x00007ffee2604000 	C:\WINDOWS\SYSTEM32\UMPDC.dll
0x00007ffee28b0000 - 0x00007ffee28ca000 	C:\WINDOWS\SYSTEM32\kernel.appcore.dll
0x00007ffedb8e0000 - 0x00007ffedb8ea000 	C:\Program Files\Android\Android Studio\jbr\bin\jimage.dll
0x00007ffede160000 - 0x00007ffede3a1000 	C:\WINDOWS\SYSTEM32\DBGHELP.DLL
0x00007ffee5110000 - 0x00007ffee5492000 	C:\WINDOWS\System32\combase.dll
0x00007ffee46f0000 - 0x00007ffee47c6000 	C:\WINDOWS\System32\OLEAUT32.dll
0x00007ffe83260000 - 0x00007ffe83299000 	C:\WINDOWS\SYSTEM32\dbgcore.DLL
0x00007ffee4440000 - 0x00007ffee44d9000 	C:\WINDOWS\System32\bcryptPrimitives.dll
0x00007ffecfd90000 - 0x00007ffecfdb0000 	C:\Program Files\Android\Android Studio\jbr\bin\java.dll

dbghelp: loaded successfully - version: 4.0.5 - missing functions: none
symbol engine: initialized successfully - sym options: 0x614 - pdb path: .;C:\Program Files\Android\Android Studio\jbr\bin;C:\WINDOWS\SYSTEM32;C:\WINDOWS\WinSxS\amd64_microsoft.windows.common-controls_6595b64144ccf1df_6.0.26100.3624_none_3e086962e3345f24;C:\Program Files\Android\Android Studio\jbr\bin\server

VM Arguments:
jvm_args: -Dorg.gradle.appname=gradlew 
java_command: org.gradle.wrapper.GradleWrapperMain -q -Ptarget-platform=android-arm64 -Ptarget=E:\NewProAmbit\Ambit-Pro\lib\main.dart -Pbase-application-name=android.app.Application -Pdart-defines=Zmx1dHRlci5pbnNwZWN0b3Iuc3RydWN0dXJlZEVycm9ycz10cnVl -Pdart-obfuscation=false -Ptrack-widget-creation=true -Ptree-shake-icons=false -Pfilesystem-scheme=org-dartlang-root assembleDebug
java_class_path (initial): E:\NewProAmbit\Ambit-Pro\android\\gradle\wrapper\gradle-wrapper.jar
Launcher Type: SUN_STANDARD

[Global flags]
     intx CICompilerCount                          = 4                                         {product} {ergonomic}
     uint ConcGCThreads                            = 2                                         {product} {ergonomic}
     uint G1ConcRefinementThreads                  = 8                                         {product} {ergonomic}
   size_t G1HeapRegionSize                         = 2097152                                   {product} {ergonomic}
    uintx GCDrainStackTargetSize                   = 64                                        {product} {ergonomic}
   size_t InitialHeapSize                          = 266338304                                 {product} {ergonomic}
   size_t MarkStackSize                            = 4194304                                   {product} {ergonomic}
   size_t MaxHeapSize                              = 4248829952                                {product} {ergonomic}
   size_t MinHeapDeltaBytes                        = 2097152                                   {product} {ergonomic}
   size_t MinHeapSize                              = 8388608                                   {product} {ergonomic}
    uintx NonNMethodCodeHeapSize                   = 5839372                                {pd product} {ergonomic}
    uintx NonProfiledCodeHeapSize                  = 122909434                              {pd product} {ergonomic}
    uintx ProfiledCodeHeapSize                     = 122909434                              {pd product} {ergonomic}
    uintx ReservedCodeCacheSize                    = 251658240                              {pd product} {ergonomic}
     bool SegmentedCodeCache                       = true                                      {product} {ergonomic}
   size_t SoftMaxHeapSize                          = 4248829952                             {manageable} {ergonomic}
     bool UseCompressedOops                        = true                           {product lp64_product} {ergonomic}
     bool UseG1GC                                  = true                                      {product} {ergonomic}
     bool UseLargePagesIndividualAllocation        = false                                  {pd product} {ergonomic}

Logging:
Log output configuration:
 #0: stdout all=warning uptime,level,tags foldmultilines=false
 #1: stderr all=off uptime,level,tags foldmultilines=false

Environment Variables:
JAVA_HOME=C:\Program Files\Android\Android Studio\jbr
CLASSPATH=E:\NewProAmbit\Ambit-Pro\android\\gradle\wrapper\gradle-wrapper.jar
PATH=C:\Program Files\Android\Android Studio\jbr\bin;C:\Python313\Scripts\;C:\Python313\;C:\Python312\Scripts\;C:\Python312\;C:\Program Files\Common Files\Oracle\Java\javapath;C:\Windows\system32;C:\Windows;C:\Windows\System32\Wbem;C:\Windows\System32\WindowsPowerShell\v1.0\;C:\Windows\System32\OpenSSH\;C:\Program Files (x86)\NVIDIA Corporation\PhysX\Common;C:\Program Files\Git\cmd;C:\ProgramData\chocolatey\bin;C:\WINDOWS\system32;C:\WINDOWS;C:\WINDOWS\System32\Wbem;C:\WINDOWS\System32\WindowsPowerShell\v1.0\;C:\WINDOWS\System32\OpenSSH\;C:\Users\DELL\AppData\Local\Pub\Cache\bin;C:\Program Files\Java\jdk-22\bin;C:\Program Files\nodejs\;C:\Program Files\PuTTY\;C:\Users\DELL\AppData\Local\Android\Sdk\cmdline-tools\latest\bin;C:\Users\DELL\AppData\Local\Microsoft\WindowsApps;C:\Users\DELL\Downloads\flutter_windows_3.22.0-stable\flutter\bin;C:\Users\DELL\AppData\Local\Pub\Cache\bin;C:\Users\DELL\AppData\Local\Programs\Microsoft VS Code\bin;C:\Users\DELL\AppData\Roaming\npm;;C:\Users\DELL\Downloads\flutter_windows_3.22.0-stable\flutter\bin\mingit\cmd
USERNAME=DELL
OS=Windows_NT
PROCESSOR_IDENTIFIER=Intel64 Family 6 Model 142 Stepping 10, GenuineIntel
TMP=C:\Users\DELL\AppData\Local\Temp
TEMP=C:\Users\DELL\AppData\Local\Temp




Periodic native trim disabled

JNI global refs:
JNI global refs: 0, weak refs: 0

JNI global refs memory usage: 0, weak refs: 0

Process memory usage:
Resident Set Size: 12872K (0% of 16596796K total physical memory with 2019208K free physical memory)

OOME stack traces (most recent first):
Classloader memory used:

---------------  S Y S T E M  ---------------

OS:
 Windows 11 , 64 bit Build 26100 (10.0.26100.3775)
OS uptime: 0 days 23:53 hours

CPU: total 8 (initial active 8) (4 cores per cpu, 2 threads per core) family 6 model 142 stepping 10 microcode 0xf4, cx8, cmov, fxsr, ht, mmx, 3dnowpref, sse, sse2, sse3, ssse3, sse4.1, sse4.2, popcnt, lzcnt, tsc, tscinvbit, avx, avx2, aes, erms, clmul, bmi1, bmi2, rtm, adx, fma, vzeroupper, clflush, clflushopt, rdtscp, f16c
Processor Information for all 8 processors :
  Max Mhz: 2112, Current Mhz: 1910, Mhz Limit: 1900

Memory: 4k page, system-wide physical 16207M (1971M free)
TotalPageFile size 18255M (AvailPageFile size 176M)
current process WorkingSet (physical memory assigned to process): 12M, peak: 12M
current process commit charge ("private bytes"): 60M, peak: 314M

vm_info: OpenJDK 64-Bit Server VM (21.0.5+-13047016-b750.29) for windows-amd64 JRE (21.0.5+-13047016-b750.29), built on 2025-02-11T21:12:39Z by "builder" with MS VC++ 16.10 / 16.11 (VS2019)

END.
