#
# There is insufficient memory for the Java Runtime Environment to continue.
# Native memory allocation (malloc) failed to allocate 1345712 bytes. Error detail: Chunk::new
# Possible reasons:
#   The system is out of physical RAM or swap space
#   This process is running with CompressedOops enabled, and the Java Heap may be blocking the growth of the native heap
# Possible solutions:
#   Reduce memory load on the system
#   Increase physical memory or swap space
#   Check if swap backing store is full
#   Decrease Java heap size (-Xmx/-Xms)
#   Decrease number of Java threads
#   Decrease Java thread stack sizes (-Xss)
#   Set larger code cache with -XX:ReservedCodeCacheSize=
#   JVM is running with Zero Based Compressed Oops mode in which the Java heap is
#     placed in the first 32GB address space. The Java Heap base address is the
#     maximum limit for the native heap growth. Please use -XX:HeapBaseMinAddress
#     to set the Java Heap base and to place the Java Heap above 32GB virtual address.
# This output file may be truncated or incomplete.
#
#  Out of Memory Error (arena.cpp:168), pid=3888, tid=17208
#
# JRE version: OpenJDK Runtime Environment (21.0.5) (build 21.0.5+-13047016-b750.29)
# Java VM: OpenJDK 64-Bit Server VM (21.0.5+-13047016-b750.29, mixed mode, tiered, compressed oops, compressed class ptrs, g1 gc, windows-amd64)
# No core dump will be written. Minidumps are not enabled by default on client versions of Windows
#

---------------  S U M M A R Y ------------

Command Line: --add-opens=java.base/java.lang=ALL-UNNAMED --add-opens=java.base/java.lang.invoke=ALL-UNNAMED --add-opens=java.base/java.util=ALL-UNNAMED --add-opens=java.prefs/java.util.prefs=ALL-UNNAMED --add-exports=jdk.compiler/com.sun.tools.javac.api=ALL-UNNAMED --add-exports=jdk.compiler/com.sun.tools.javac.util=ALL-UNNAMED --add-opens=java.base/java.util=ALL-UNNAMED --add-opens=java.prefs/java.util.prefs=ALL-UNNAMED --add-opens=java.base/java.nio.charset=ALL-UNNAMED --add-opens=java.base/java.net=ALL-UNNAMED --add-opens=java.base/java.util.concurrent.atomic=ALL-UNNAMED --add-opens=java.xml/javax.xml.namespace=ALL-UNNAMED -XX:MaxMetaspaceSize=2G -XX:+HeapDumpOnOutOfMemoryError -Xmx4G -Dfile.encoding=UTF-8 -Duser.country=US -Duser.language=en -Duser.variant -javaagent:C:\Users\DELL\.gradle\wrapper\dists\gradle-8.11.1-all\2qik7nd48slq1ooc2496ixf4i\gradle-8.11.1\lib\agents\gradle-instrumentation-agent-8.11.1.jar org.gradle.launcher.daemon.bootstrap.GradleDaemon 8.11.1

Host: Intel(R) Core(TM) i7-8650U CPU @ 1.90GHz, 8 cores, 15G,  Windows 11 , 64 bit Build 26100 (10.0.26100.3912)
Time: Fri May 23 15:48:19 2025 Pakistan Standard Time elapsed time: 14.858581 seconds (0d 0h 0m 14s)

---------------  T H R E A D  ---------------

Current thread (0x000002736b73d920):  JavaThread "C2 CompilerThread0" daemon [_thread_in_native, id=17208, stack(0x000000f1c4200000,0x000000f1c4300000) (1024K)]


Current CompileTask:
C2:14858 6165 %     4       org.gradle.internal.instantiation.generator.AbstractClassGenerator::inspectType @ 107 (560 bytes)

Stack: [0x000000f1c4200000,0x000000f1c4300000]
Native frames: (J=compiled Java code, j=interpreted, Vv=VM code, C=native code)
V  [jvm.dll+0x6cfb29]
V  [jvm.dll+0x85df93]
V  [jvm.dll+0x8604ee]
V  [jvm.dll+0x860bd3]
V  [jvm.dll+0x27e6b6]
V  [jvm.dll+0xbff6d]
V  [jvm.dll+0xc04a3]
V  [jvm.dll+0x3b5ffb]
V  [jvm.dll+0x1de852]
V  [jvm.dll+0x247db4]
V  [jvm.dll+0x247231]
V  [jvm.dll+0x1c5ee4]
V  [jvm.dll+0x25697c]
V  [jvm.dll+0x254ec6]
V  [jvm.dll+0x3f0ce6]
V  [jvm.dll+0x806368]
V  [jvm.dll+0x6ce3fd]
C  [ucrtbase.dll+0x37b0]
C  [KERNEL32.DLL+0x2e8d7]
C  [ntdll.dll+0x9c5dc]


---------------  P R O C E S S  ---------------

Threads class SMR info:
_java_thread_list=0x000002737559c9c0, length=46, elements={
0x0000027350e00900, 0x000002736b70f580, 0x000002736b7123e0, 0x000002736b726ad0,
0x000002736b727520, 0x000002736b727f70, 0x000002736b7289c0, 0x000002736b73d920,
0x000002736b749d10, 0x000002736b8d97d0, 0x0000027370020db0, 0x0000027371c3fba0,
0x0000027371c5b4b0, 0x0000027370f83e50, 0x0000027371eb47d0, 0x0000027371b4d100,
0x0000027371cacb00, 0x0000027371b57330, 0x0000027371ea99d0, 0x0000027371e89c80,
0x0000027371e888d0, 0x0000027371e86800, 0x0000027371e88240, 0x0000027371e88f60,
0x0000027371e86e90, 0x0000027371e87520, 0x00000273732c3870, 0x00000273732c1e30,
0x00000273732c4590, 0x00000273732c24c0, 0x00000273732c17a0, 0x00000273732c52b0,
0x00000273732c5fd0, 0x00000273732c2b50, 0x00000273732c31e0, 0x00000273732c80a0,
0x00000273710df420, 0x00000273710dbda0, 0x00000273763d8580, 0x00000273763d5100,
0x00000273763d5e20, 0x00000273763d8c10, 0x00000273763d71d0, 0x00000273763d5790,
0x00000273763d64b0, 0x00000273763d9930
}

Java Threads: ( => current thread )
  0x0000027350e00900 JavaThread "main"                              [_thread_blocked, id=13568, stack(0x000000f1c3400000,0x000000f1c3500000) (1024K)]
  0x000002736b70f580 JavaThread "Reference Handler"          daemon [_thread_blocked, id=17320, stack(0x000000f1c3c00000,0x000000f1c3d00000) (1024K)]
  0x000002736b7123e0 JavaThread "Finalizer"                  daemon [_thread_blocked, id=16240, stack(0x000000f1c3d00000,0x000000f1c3e00000) (1024K)]
  0x000002736b726ad0 JavaThread "Signal Dispatcher"          daemon [_thread_blocked, id=17152, stack(0x000000f1c3e00000,0x000000f1c3f00000) (1024K)]
  0x000002736b727520 JavaThread "Attach Listener"            daemon [_thread_blocked, id=14912, stack(0x000000f1c3f00000,0x000000f1c4000000) (1024K)]
  0x000002736b727f70 JavaThread "Service Thread"             daemon [_thread_blocked, id=7380, stack(0x000000f1c4000000,0x000000f1c4100000) (1024K)]
  0x000002736b7289c0 JavaThread "Monitor Deflation Thread"   daemon [_thread_blocked, id=12212, stack(0x000000f1c4100000,0x000000f1c4200000) (1024K)]
=>0x000002736b73d920 JavaThread "C2 CompilerThread0"         daemon [_thread_in_native, id=17208, stack(0x000000f1c4200000,0x000000f1c4300000) (1024K)]
  0x000002736b749d10 JavaThread "C1 CompilerThread0"         daemon [_thread_blocked, id=11308, stack(0x000000f1c4300000,0x000000f1c4400000) (1024K)]
  0x000002736b8d97d0 JavaThread "Common-Cleaner"             daemon [_thread_blocked, id=19220, stack(0x000000f1c4400000,0x000000f1c4500000) (1024K)]
  0x0000027370020db0 JavaThread "Notification Thread"        daemon [_thread_blocked, id=22316, stack(0x000000f1c4500000,0x000000f1c4600000) (1024K)]
  0x0000027371c3fba0 JavaThread "Daemon health stats"               [_thread_blocked, id=10916, stack(0x000000f1c4700000,0x000000f1c4800000) (1024K)]
  0x0000027371c5b4b0 JavaThread "Incoming local TCP Connector on port 60230"        [_thread_in_native, id=15696, stack(0x000000f1c4d00000,0x000000f1c4e00000) (1024K)]
  0x0000027370f83e50 JavaThread "Daemon periodic checks"            [_thread_blocked, id=11176, stack(0x000000f1c5000000,0x000000f1c5100000) (1024K)]
  0x0000027371eb47d0 JavaThread "Daemon"                            [_thread_blocked, id=20044, stack(0x000000f1c5100000,0x000000f1c5200000) (1024K)]
  0x0000027371b4d100 JavaThread "Handler for socket connection from /127.0.0.1:60230 to /127.0.0.1:60231"        [_thread_in_native, id=16268, stack(0x000000f1c5200000,0x000000f1c5300000) (1024K)]
  0x0000027371cacb00 JavaThread "Cancel handler"                    [_thread_blocked, id=14312, stack(0x000000f1c5300000,0x000000f1c5400000) (1024K)]
  0x0000027371b57330 JavaThread "Daemon worker"                     [_thread_blocked, id=2908, stack(0x000000f1c5400000,0x000000f1c5500000) (1024K)]
  0x0000027371ea99d0 JavaThread "Asynchronous log dispatcher for DefaultDaemonConnection: socket connection from /127.0.0.1:60230 to /127.0.0.1:60231"        [_thread_blocked, id=16908, stack(0x000000f1c5500000,0x000000f1c5600000) (1024K)]
  0x0000027371e89c80 JavaThread "Stdin handler"                     [_thread_blocked, id=20832, stack(0x000000f1c5600000,0x000000f1c5700000) (1024K)]
  0x0000027371e888d0 JavaThread "Daemon client event forwarder"        [_thread_blocked, id=17692, stack(0x000000f1c5700000,0x000000f1c5800000) (1024K)]
  0x0000027371e86800 JavaThread "Cache worker for journal cache (C:\Users\DELL\.gradle\caches\journal-1)"        [_thread_blocked, id=20172, stack(0x000000f1c5900000,0x000000f1c5a00000) (1024K)]
  0x0000027371e88240 JavaThread "File lock request listener"        [_thread_in_native, id=17032, stack(0x000000f1c5a00000,0x000000f1c5b00000) (1024K)]
  0x0000027371e88f60 JavaThread "Cache worker for file hash cache (C:\Users\DELL\.gradle\caches\8.11.1\fileHashes)"        [_thread_blocked, id=3024, stack(0x000000f1c5b00000,0x000000f1c5c00000) (1024K)]
  0x0000027371e86e90 JavaThread "Cache worker for file content cache (C:\Users\DELL\.gradle\caches\8.11.1\fileContent)"        [_thread_blocked, id=13056, stack(0x000000f1c5d00000,0x000000f1c5e00000) (1024K)]
  0x0000027371e87520 JavaThread "Cache worker for file hash cache (E:\NewProAmbit\Ambit-Pro\android\.gradle\8.11.1\fileHashes)"        [_thread_blocked, id=11652, stack(0x000000f1c5e00000,0x000000f1c5f00000) (1024K)]
  0x00000273732c3870 JavaThread "Cache worker for Build Output Cleanup Cache (E:\NewProAmbit\Ambit-Pro\android\.gradle\buildOutputCleanup)"        [_thread_blocked, id=6720, stack(0x000000f1c5f00000,0x000000f1c6000000) (1024K)]
  0x00000273732c1e30 JavaThread "File watcher server"        daemon [_thread_in_native, id=17180, stack(0x000000f1c6000000,0x000000f1c6100000) (1024K)]
  0x00000273732c4590 JavaThread "File watcher consumer"      daemon [_thread_blocked, id=11248, stack(0x000000f1c6100000,0x000000f1c6200000) (1024K)]
  0x00000273732c24c0 JavaThread "Cache worker for checksums cache (E:\NewProAmbit\Ambit-Pro\android\.gradle\8.11.1\checksums)"        [_thread_blocked, id=8816, stack(0x000000f1c6200000,0x000000f1c6300000) (1024K)]
  0x00000273732c17a0 JavaThread "Cache worker for cache directory md-rule (C:\Users\DELL\.gradle\caches\8.11.1\md-rule)"        [_thread_blocked, id=19424, stack(0x000000f1c6300000,0x000000f1c6400000) (1024K)]
  0x00000273732c52b0 JavaThread "Cache worker for cache directory md-supplier (C:\Users\DELL\.gradle\caches\8.11.1\md-supplier)"        [_thread_blocked, id=7212, stack(0x000000f1c6400000,0x000000f1c6500000) (1024K)]
  0x00000273732c5fd0 JavaThread "File lock release action executor"        [_thread_blocked, id=7612, stack(0x000000f1c6500000,0x000000f1c6600000) (1024K)]
  0x00000273732c2b50 JavaThread "jar transforms"                    [_thread_blocked, id=5604, stack(0x000000f1c6600000,0x000000f1c6700000) (1024K)]
  0x00000273732c31e0 JavaThread "Cache worker for Build Output Cleanup Cache (C:\Users\DELL\Downloads\flutter_windows_3.22.0-stable\flutter\packages\flutter_tools\gradle\.gradle\buildOutputCleanup)"        [_thread_blocked, id=11864, stack(0x000000f1c5c00000,0x000000f1c5d00000) (1024K)]
  0x00000273732c80a0 JavaThread "Memory manager"                    [_thread_blocked, id=10284, stack(0x000000f1c6700000,0x000000f1c6800000) (1024K)]
  0x00000273710df420 JavaThread "C2 CompilerThread1"         daemon [_thread_in_native, id=1800, stack(0x000000f1c4600000,0x000000f1c4700000) (1024K)]
  0x00000273710dbda0 JavaThread "C2 CompilerThread2"         daemon [_thread_in_native, id=4764, stack(0x000000f1c6800000,0x000000f1c6900000) (1024K)]
  0x00000273763d8580 JavaThread "included builds"                   [_thread_in_native, id=22324, stack(0x000000f1c6900000,0x000000f1c6a00000) (1024K)]
  0x00000273763d5100 JavaThread "Execution worker"                  [_thread_blocked, id=17272, stack(0x000000f1c6a00000,0x000000f1c6b00000) (1024K)]
  0x00000273763d5e20 JavaThread "Execution worker Thread 2"         [_thread_blocked, id=19604, stack(0x000000f1c6b00000,0x000000f1c6c00000) (1024K)]
  0x00000273763d8c10 JavaThread "Execution worker Thread 3"         [_thread_blocked, id=14464, stack(0x000000f1c6c00000,0x000000f1c6d00000) (1024K)]
  0x00000273763d71d0 JavaThread "Execution worker Thread 4"         [_thread_blocked, id=12764, stack(0x000000f1c6d00000,0x000000f1c6e00000) (1024K)]
  0x00000273763d5790 JavaThread "Execution worker Thread 5"         [_thread_blocked, id=3420, stack(0x000000f1c6e00000,0x000000f1c6f00000) (1024K)]
  0x00000273763d64b0 JavaThread "Execution worker Thread 6"         [_thread_blocked, id=10248, stack(0x000000f1c6f00000,0x000000f1c7000000) (1024K)]
  0x00000273763d9930 JavaThread "Execution worker Thread 7"         [_thread_blocked, id=8896, stack(0x000000f1c7000000,0x000000f1c7100000) (1024K)]
Total: 46

Other Threads:
  0x000002736aed7140 VMThread "VM Thread"                           [id=6120, stack(0x000000f1c3b00000,0x000000f1c3c00000) (1024K)]
  0x000002736ae92be0 WatcherThread "VM Periodic Task Thread"        [id=18912, stack(0x000000f1c3a00000,0x000000f1c3b00000) (1024K)]
  0x0000027350e66a90 WorkerThread "GC Thread#0"                     [id=4788, stack(0x000000f1c3500000,0x000000f1c3600000) (1024K)]
  0x0000027370172410 WorkerThread "GC Thread#1"                     [id=21596, stack(0x000000f1c4800000,0x000000f1c4900000) (1024K)]
  0x00000273705a4d30 WorkerThread "GC Thread#2"                     [id=17028, stack(0x000000f1c4900000,0x000000f1c4a00000) (1024K)]
  0x0000027370490de0 WorkerThread "GC Thread#3"                     [id=10708, stack(0x000000f1c4a00000,0x000000f1c4b00000) (1024K)]
  0x000002737067f720 WorkerThread "GC Thread#4"                     [id=19800, stack(0x000000f1c4b00000,0x000000f1c4c00000) (1024K)]
  0x000002737067fac0 WorkerThread "GC Thread#5"                     [id=19164, stack(0x000000f1c4c00000,0x000000f1c4d00000) (1024K)]
  0x0000027371a39c50 WorkerThread "GC Thread#6"                     [id=10464, stack(0x000000f1c4e00000,0x000000f1c4f00000) (1024K)]
  0x0000027371b03810 WorkerThread "GC Thread#7"                     [id=8104, stack(0x000000f1c4f00000,0x000000f1c5000000) (1024K)]
  0x0000027350e787c0 ConcurrentGCThread "G1 Main Marker"            [id=22080, stack(0x000000f1c3600000,0x000000f1c3700000) (1024K)]
  0x0000027350e79970 WorkerThread "G1 Conc#0"                       [id=20164, stack(0x000000f1c3700000,0x000000f1c3800000) (1024K)]
  0x0000027370ece7d0 WorkerThread "G1 Conc#1"                       [id=8240, stack(0x000000f1c5800000,0x000000f1c5900000) (1024K)]
  0x0000027350ebe690 ConcurrentGCThread "G1 Refine#0"               [id=19696, stack(0x000000f1c3800000,0x000000f1c3900000) (1024K)]
  0x000002736ad5f020 ConcurrentGCThread "G1 Service"                [id=20988, stack(0x000000f1c3900000,0x000000f1c3a00000) (1024K)]
Total: 15

Threads with active compile tasks:
C2 CompilerThread0  14932 6165 %     4       org.gradle.internal.instantiation.generator.AbstractClassGenerator::inspectType @ 107 (560 bytes)
C2 CompilerThread1  14932 6338       4       org.gradle.internal.reflect.ClassInspector::inspectClass (179 bytes)
C2 CompilerThread2  14932 6461       4       java.util.TreeMap::put (221 bytes)
Total: 3

VM state: not at safepoint (normal execution)

VM Mutex/Monitor currently owned by a thread: None

Heap address: 0x0000000700000000, size: 4096 MB, Compressed Oops mode: Zero based, Oop shift amount: 3

CDS archive(s) not mapped
Compressed class space mapped at: 0x0000000800000000-0x0000000840000000, reserved size: 1073741824
Narrow klass base: 0x0000000800000000, Narrow klass shift: 0, Narrow klass range: 0x40000000

GC Precious Log:
 CardTable entry size: 512
 Card Set container configuration: InlinePtr #cards 4 size 8 Array Of Cards #cards 16 size 48 Howl #buckets 8 coarsen threshold 3686 Howl Bitmap #cards 512 size 80 coarsen threshold 460 Card regions per heap region 1 cards per card region 4096
 CPUs: 8 total, 8 available
 Memory: 16207M
 Large Page Support: Disabled
 NUMA Support: Disabled
 Compressed Oops: Enabled (Zero based)
 Heap Region Size: 2M
 Heap Min Capacity: 8M
 Heap Initial Capacity: 254M
 Heap Max Capacity: 4G
 Pre-touch: Disabled
 Parallel Workers: 8
 Concurrent Workers: 2
 Concurrent Refinement Workers: 8
 Periodic GC: Disabled

Heap:
 garbage-first heap   total 94208K, used 54690K [0x0000000700000000, 0x0000000800000000)
  region size 2048K, 7 young (14336K), 2 survivors (4096K)
 Metaspace       used 71939K, committed 73792K, reserved 1114112K
  class space    used 9979K, committed 10880K, reserved 1048576K

Heap Regions: E=young(eden), S=young(survivor), O=old, HS=humongous(starts), HC=humongous(continues), CS=collection set, F=free, TAMS=top-at-mark-start, PB=parsable bottom
|   0|0x0000000700000000, 0x0000000700200000, 0x0000000700200000|100%|HS|  |TAMS 0x0000000700000000| PB 0x0000000700000000| Complete 
|   1|0x0000000700200000, 0x0000000700400000, 0x0000000700400000|100%|HC|  |TAMS 0x0000000700200000| PB 0x0000000700200000| Complete 
|   2|0x0000000700400000, 0x0000000700600000, 0x0000000700600000|100%| O|  |TAMS 0x0000000700400000| PB 0x0000000700400000| Untracked 
|   3|0x0000000700600000, 0x0000000700800000, 0x0000000700800000|100%| O|  |TAMS 0x0000000700600000| PB 0x0000000700600000| Untracked 
|   4|0x0000000700800000, 0x0000000700a00000, 0x0000000700a00000|100%| O|  |TAMS 0x0000000700800000| PB 0x0000000700800000| Untracked 
|   5|0x0000000700a00000, 0x0000000700c00000, 0x0000000700c00000|100%| O|  |TAMS 0x0000000700a00000| PB 0x0000000700a00000| Untracked 
|   6|0x0000000700c00000, 0x0000000700e00000, 0x0000000700e00000|100%| O|  |TAMS 0x0000000700c00000| PB 0x0000000700c00000| Untracked 
|   7|0x0000000700e00000, 0x0000000701000000, 0x0000000701000000|100%| O|  |TAMS 0x0000000700e00000| PB 0x0000000700e00000| Untracked 
|   8|0x0000000701000000, 0x0000000701200000, 0x0000000701200000|100%| O|  |TAMS 0x0000000701000000| PB 0x0000000701000000| Untracked 
|   9|0x0000000701200000, 0x0000000701400000, 0x0000000701400000|100%| O|  |TAMS 0x0000000701200000| PB 0x0000000701200000| Untracked 
|  10|0x0000000701400000, 0x0000000701600000, 0x0000000701600000|100%| O|  |TAMS 0x0000000701400000| PB 0x0000000701400000| Untracked 
|  11|0x0000000701600000, 0x0000000701800000, 0x0000000701800000|100%| O|  |TAMS 0x0000000701600000| PB 0x0000000701600000| Untracked 
|  12|0x0000000701800000, 0x0000000701a00000, 0x0000000701a00000|100%| O|  |TAMS 0x0000000701800000| PB 0x0000000701800000| Untracked 
|  13|0x0000000701a00000, 0x0000000701c00000, 0x0000000701c00000|100%| O|  |TAMS 0x0000000701a00000| PB 0x0000000701a00000| Untracked 
|  14|0x0000000701c00000, 0x0000000701e00000, 0x0000000701e00000|100%| O|Cm|TAMS 0x0000000701c00000| PB 0x0000000701c00000| Complete 
|  15|0x0000000701e00000, 0x0000000702000000, 0x0000000702000000|100%| O|  |TAMS 0x0000000701e00000| PB 0x0000000701e00000| Untracked 
|  16|0x0000000702000000, 0x0000000702200000, 0x0000000702200000|100%| O|  |TAMS 0x0000000702000000| PB 0x0000000702000000| Untracked 
|  17|0x0000000702200000, 0x0000000702400000, 0x0000000702400000|100%| O|  |TAMS 0x0000000702200000| PB 0x0000000702200000| Untracked 
|  18|0x0000000702400000, 0x0000000702600000, 0x0000000702600000|100%| O|  |TAMS 0x0000000702400000| PB 0x0000000702400000| Untracked 
|  19|0x0000000702600000, 0x0000000702800000, 0x0000000702800000|100%| O|  |TAMS 0x0000000702600000| PB 0x0000000702600000| Untracked 
|  20|0x0000000702800000, 0x0000000702a00000, 0x0000000702a00000|100%| O|  |TAMS 0x0000000702800000| PB 0x0000000702800000| Untracked 
|  21|0x0000000702a00000, 0x0000000702c00000, 0x0000000702c00000|100%| O|  |TAMS 0x0000000702a00000| PB 0x0000000702a00000| Untracked 
|  22|0x0000000702c00000, 0x0000000702c00000, 0x0000000702e00000|  0%| F|  |TAMS 0x0000000702c00000| PB 0x0000000702c00000| Untracked 
|  23|0x0000000702e00000, 0x0000000702f30b00, 0x0000000703000000| 59%| O|  |TAMS 0x0000000702e00000| PB 0x0000000702e00000| Untracked 
|  24|0x0000000703000000, 0x0000000703000000, 0x0000000703200000|  0%| F|  |TAMS 0x0000000703000000| PB 0x0000000703000000| Untracked 
|  25|0x0000000703200000, 0x0000000703200000, 0x0000000703400000|  0%| F|  |TAMS 0x0000000703200000| PB 0x0000000703200000| Untracked 
|  26|0x0000000703400000, 0x0000000703400000, 0x0000000703600000|  0%| F|  |TAMS 0x0000000703400000| PB 0x0000000703400000| Untracked 
|  27|0x0000000703600000, 0x0000000703600000, 0x0000000703800000|  0%| F|  |TAMS 0x0000000703600000| PB 0x0000000703600000| Untracked 
|  28|0x0000000703800000, 0x0000000703838090, 0x0000000703a00000| 10%| S|CS|TAMS 0x0000000703800000| PB 0x0000000703800000| Complete 
|  29|0x0000000703a00000, 0x0000000703c00000, 0x0000000703c00000|100%| S|CS|TAMS 0x0000000703a00000| PB 0x0000000703a00000| Complete 
|  30|0x0000000703c00000, 0x0000000703c00000, 0x0000000703e00000|  0%| F|  |TAMS 0x0000000703c00000| PB 0x0000000703c00000| Untracked 
|  31|0x0000000703e00000, 0x0000000703e00000, 0x0000000704000000|  0%| F|  |TAMS 0x0000000703e00000| PB 0x0000000703e00000| Untracked 
|  32|0x0000000704000000, 0x0000000704000000, 0x0000000704200000|  0%| F|  |TAMS 0x0000000704000000| PB 0x0000000704000000| Untracked 
|  33|0x0000000704200000, 0x0000000704200000, 0x0000000704400000|  0%| F|  |TAMS 0x0000000704200000| PB 0x0000000704200000| Untracked 
|  34|0x0000000704400000, 0x0000000704400000, 0x0000000704600000|  0%| F|  |TAMS 0x0000000704400000| PB 0x0000000704400000| Untracked 
|  35|0x0000000704600000, 0x0000000704600000, 0x0000000704800000|  0%| F|  |TAMS 0x0000000704600000| PB 0x0000000704600000| Untracked 
|  36|0x0000000704800000, 0x0000000704800000, 0x0000000704a00000|  0%| F|  |TAMS 0x0000000704800000| PB 0x0000000704800000| Untracked 
|  37|0x0000000704a00000, 0x0000000704a00000, 0x0000000704c00000|  0%| F|  |TAMS 0x0000000704a00000| PB 0x0000000704a00000| Untracked 
|  38|0x0000000704c00000, 0x0000000704c00000, 0x0000000704e00000|  0%| F|  |TAMS 0x0000000704c00000| PB 0x0000000704c00000| Untracked 
|  39|0x0000000704e00000, 0x0000000704e00000, 0x0000000705000000|  0%| F|  |TAMS 0x0000000704e00000| PB 0x0000000704e00000| Untracked 
| 114|0x000000070e400000, 0x000000070e400000, 0x000000070e600000|  0%| F|  |TAMS 0x000000070e400000| PB 0x000000070e400000| Untracked 
| 115|0x000000070e600000, 0x000000070e66dcb8, 0x000000070e800000| 21%| E|  |TAMS 0x000000070e600000| PB 0x000000070e600000| Complete 
| 116|0x000000070e800000, 0x000000070ea00000, 0x000000070ea00000|100%| E|CS|TAMS 0x000000070e800000| PB 0x000000070e800000| Complete 
| 117|0x000000070ea00000, 0x000000070ec00000, 0x000000070ec00000|100%| E|  |TAMS 0x000000070ea00000| PB 0x000000070ea00000| Complete 
| 118|0x000000070ec00000, 0x000000070ee00000, 0x000000070ee00000|100%| E|CS|TAMS 0x000000070ec00000| PB 0x000000070ec00000| Complete 
| 126|0x000000070fc00000, 0x000000070fe00000, 0x000000070fe00000|100%| E|CS|TAMS 0x000000070fc00000| PB 0x000000070fc00000| Complete 

Card table byte_map: [0x0000027364220000,0x0000027364a20000] _byte_map_base: 0x0000027360a20000

Marking Bits: (CMBitMap*) 0x0000027350e670a0
 Bits: [0x0000027364a20000, 0x0000027368a20000)

Polling page: 0x0000027350ec0000

Metaspace:

Usage:
  Non-class:     60.52 MB used.
      Class:      9.75 MB used.
       Both:     70.27 MB used.

Virtual space:
  Non-class space:       64.00 MB reserved,      61.44 MB ( 96%) committed,  1 nodes.
      Class space:        1.00 GB reserved,      10.62 MB (  1%) committed,  1 nodes.
             Both:        1.06 GB reserved,      72.06 MB (  7%) committed. 

Chunk freelists:
   Non-Class:  1.66 MB
       Class:  5.25 MB
        Both:  6.91 MB

MaxMetaspaceSize: 2.00 GB
CompressedClassSpaceSize: 1.00 GB
Initial GC threshold: 21.00 MB
Current GC threshold: 118.88 MB
CDS: off
 - commit_granule_bytes: 65536.
 - commit_granule_words: 8192.
 - virtual_space_node_default_size: 8388608.
 - enlarge_chunks_in_place: 1.
 - use_allocation_guard: 0.


Internal statistics:

num_allocs_failed_limit: 9.
num_arena_births: 3448.
num_arena_deaths: 0.
num_vsnodes_births: 2.
num_vsnodes_deaths: 0.
num_space_committed: 1153.
num_space_uncommitted: 0.
num_chunks_returned_to_freelist: 9.
num_chunks_taken_from_freelist: 6452.
num_chunk_merges: 9.
num_chunk_splits: 4201.
num_chunks_enlarged: 2636.
num_inconsistent_stats: 0.

CodeHeap 'non-profiled nmethods': size=120000Kb used=3272Kb max_used=3710Kb free=116727Kb
 bounds [0x000002735ba90000, 0x000002735be30000, 0x0000027362fc0000]
CodeHeap 'profiled nmethods': size=120000Kb used=10317Kb max_used=11515Kb free=109682Kb
 bounds [0x0000027353fc0000, 0x0000027354b00000, 0x000002735b4f0000]
CodeHeap 'non-nmethods': size=5760Kb used=2760Kb max_used=2811Kb free=3000Kb
 bounds [0x000002735b4f0000, 0x000002735b7c0000, 0x000002735ba90000]
 total_blobs=6349 nmethods=5449 adapters=803
 compilation: enabled
              stopped_count=0, restarted_count=0
 full_count=0

Compilation events (20 events):
Event: 10.785 Thread 0x000002736b749d10 6453       3       java.util.IdentityHashMap::hash (18 bytes)
Event: 10.785 Thread 0x000002736b749d10 nmethod 6453 0x000002735411d390 code [0x000002735411d540, 0x000002735411d678]
Event: 10.792 Thread 0x000002736b749d10 6454       3       java.util.IdentityHashMap::maskNull (12 bytes)
Event: 10.792 Thread 0x000002736b749d10 nmethod 6454 0x0000027354122890 code [0x0000027354122a20, 0x0000027354122b58]
Event: 10.793 Thread 0x000002736b749d10 6455       3       java.util.TreeMap::navigableKeySet (27 bytes)
Event: 10.794 Thread 0x000002736b749d10 nmethod 6455 0x0000027354160d90 code [0x0000027354160f60, 0x0000027354161358]
Event: 10.809 Thread 0x000002736b749d10 6456       3       org.gradle.api.internal.provider.EvaluationContext$PerThreadContext::close (37 bytes)
Event: 10.810 Thread 0x000002736b749d10 nmethod 6456 0x00000273548b9410 code [0x00000273548b9600, 0x00000273548b9a60]
Event: 10.810 Thread 0x000002736b749d10 6457       3       org.gradle.api.internal.file.AbstractFileCollection::<init> (15 bytes)
Event: 10.810 Thread 0x000002736b749d10 nmethod 6457 0x000002735433a590 code [0x000002735433a740, 0x000002735433a970]
Event: 10.810 Thread 0x000002736b749d10 6458       3       org.gradle.api.internal.provider.AbstractProperty::getDisplayName (16 bytes)
Event: 10.810 Thread 0x000002736b749d10 nmethod 6458 0x00000273540ac890 code [0x00000273540aca40, 0x00000273540acbb8]
Event: 10.812 Thread 0x000002736b749d10 6459   !   3       jdk.proxy1.$Proxy68::annotationType (29 bytes)
Event: 10.812 Thread 0x000002736b749d10 nmethod 6459 0x0000027354090390 code [0x0000027354090560, 0x0000027354090968]
Event: 10.814 Thread 0x00000273710dbda0 6460       4       org.gradle.internal.reflect.MutableClassDetails::property (41 bytes)
Event: 10.815 Thread 0x000002736b749d10 6463       1       org.gradle.api.internal.provider.AbstractMinimalProvider::getDeclaredDisplayName (2 bytes)
Event: 10.816 Thread 0x000002736b749d10 nmethod 6463 0x000002735bb17c90 code [0x000002735bb17e20, 0x000002735bb17ef0]
Event: 10.830 Thread 0x000002736b749d10 6466       1       java.lang.Thread::threadId (5 bytes)
Event: 10.830 Thread 0x000002736b749d10 nmethod 6466 0x000002735bcec510 code [0x000002735bcec6a0, 0x000002735bcec768]
Event: 10.836 Thread 0x000002736b749d10 6467       3       org.gradle.internal.service.DefaultServiceRegistry::findProviderMethods (222 bytes)

GC Heap History (20 events):
Event: 4.763 GC heap before
{Heap before GC invocations=9 (full 0):
 garbage-first heap   total 75776K, used 59330K [0x0000000700000000, 0x0000000800000000)
  region size 2048K, 20 young (40960K), 3 survivors (6144K)
 Metaspace       used 40105K, committed 41280K, reserved 1114112K
  class space    used 5455K, committed 6016K, reserved 1048576K
}
Event: 4.767 GC heap after
{Heap after GC invocations=10 (full 0):
 garbage-first heap   total 75776K, used 28428K [0x0000000700000000, 0x0000000800000000)
  region size 2048K, 2 young (4096K), 2 survivors (4096K)
 Metaspace       used 40105K, committed 41280K, reserved 1114112K
  class space    used 5455K, committed 6016K, reserved 1048576K
}
Event: 5.252 GC heap before
{Heap before GC invocations=10 (full 0):
 garbage-first heap   total 75776K, used 61196K [0x0000000700000000, 0x0000000800000000)
  region size 2048K, 19 young (38912K), 2 survivors (4096K)
 Metaspace       used 45386K, committed 46592K, reserved 1114112K
  class space    used 6004K, committed 6592K, reserved 1048576K
}
Event: 5.261 GC heap after
{Heap after GC invocations=11 (full 0):
 garbage-first heap   total 75776K, used 32159K [0x0000000700000000, 0x0000000800000000)
  region size 2048K, 3 young (6144K), 3 survivors (6144K)
 Metaspace       used 45386K, committed 46592K, reserved 1114112K
  class space    used 6004K, committed 6592K, reserved 1048576K
}
Event: 5.978 GC heap before
{Heap before GC invocations=11 (full 0):
 garbage-first heap   total 75776K, used 64927K [0x0000000700000000, 0x0000000800000000)
  region size 2048K, 18 young (36864K), 3 survivors (6144K)
 Metaspace       used 49018K, committed 50304K, reserved 1114112K
  class space    used 6483K, committed 7104K, reserved 1048576K
}
Event: 5.986 GC heap after
{Heap after GC invocations=12 (full 0):
 garbage-first heap   total 77824K, used 36240K [0x0000000700000000, 0x0000000800000000)
  region size 2048K, 2 young (4096K), 2 survivors (4096K)
 Metaspace       used 49018K, committed 50304K, reserved 1114112K
  class space    used 6483K, committed 7104K, reserved 1048576K
}
Event: 6.496 GC heap before
{Heap before GC invocations=12 (full 0):
 garbage-first heap   total 77824K, used 66960K [0x0000000700000000, 0x0000000800000000)
  region size 2048K, 17 young (34816K), 2 survivors (4096K)
 Metaspace       used 51124K, committed 52544K, reserved 1114112K
  class space    used 6807K, committed 7488K, reserved 1048576K
}
Event: 6.500 GC heap after
{Heap after GC invocations=13 (full 0):
 garbage-first heap   total 94208K, used 38524K [0x0000000700000000, 0x0000000800000000)
  region size 2048K, 2 young (4096K), 2 survivors (4096K)
 Metaspace       used 51124K, committed 52544K, reserved 1114112K
  class space    used 6807K, committed 7488K, reserved 1048576K
}
Event: 7.001 GC heap before
{Heap before GC invocations=13 (full 0):
 garbage-first heap   total 94208K, used 79484K [0x0000000700000000, 0x0000000800000000)
  region size 2048K, 22 young (45056K), 2 survivors (4096K)
 Metaspace       used 53792K, committed 55232K, reserved 1114112K
  class space    used 7236K, committed 7936K, reserved 1048576K
}
Event: 7.005 GC heap after
{Heap after GC invocations=14 (full 0):
 garbage-first heap   total 94208K, used 40623K [0x0000000700000000, 0x0000000800000000)
  region size 2048K, 3 young (6144K), 3 survivors (6144K)
 Metaspace       used 53792K, committed 55232K, reserved 1114112K
  class space    used 7236K, committed 7936K, reserved 1048576K
}
Event: 8.137 GC heap before
{Heap before GC invocations=14 (full 0):
 garbage-first heap   total 94208K, used 77487K [0x0000000700000000, 0x0000000800000000)
  region size 2048K, 22 young (45056K), 3 survivors (6144K)
 Metaspace       used 58544K, committed 60160K, reserved 1114112K
  class space    used 7930K, committed 8704K, reserved 1048576K
}
Event: 8.143 GC heap after
{Heap after GC invocations=15 (full 0):
 garbage-first heap   total 94208K, used 42356K [0x0000000700000000, 0x0000000800000000)
  region size 2048K, 2 young (4096K), 2 survivors (4096K)
 Metaspace       used 58544K, committed 60160K, reserved 1114112K
  class space    used 7930K, committed 8704K, reserved 1048576K
}
Event: 8.214 GC heap before
{Heap before GC invocations=15 (full 0):
 garbage-first heap   total 94208K, used 44404K [0x0000000700000000, 0x0000000800000000)
  region size 2048K, 4 young (8192K), 2 survivors (4096K)
 Metaspace       used 58914K, committed 60480K, reserved 1114112K
  class space    used 7999K, committed 8768K, reserved 1048576K
}
Event: 8.217 GC heap after
{Heap after GC invocations=16 (full 0):
 garbage-first heap   total 94208K, used 42751K [0x0000000700000000, 0x0000000800000000)
  region size 2048K, 2 young (4096K), 2 survivors (4096K)
 Metaspace       used 58914K, committed 60480K, reserved 1114112K
  class space    used 7999K, committed 8768K, reserved 1048576K
}
Event: 9.334 GC heap before
{Heap before GC invocations=17 (full 0):
 garbage-first heap   total 94208K, used 81663K [0x0000000700000000, 0x0000000800000000)
  region size 2048K, 21 young (43008K), 2 survivors (4096K)
 Metaspace       used 63235K, committed 65024K, reserved 1114112K
  class space    used 8705K, committed 9600K, reserved 1048576K
}
Event: 9.338 GC heap after
{Heap after GC invocations=18 (full 0):
 garbage-first heap   total 94208K, used 44353K [0x0000000700000000, 0x0000000800000000)
  region size 2048K, 2 young (4096K), 2 survivors (4096K)
 Metaspace       used 63235K, committed 65024K, reserved 1114112K
  class space    used 8705K, committed 9600K, reserved 1048576K
}
Event: 10.124 GC heap before
{Heap before GC invocations=18 (full 0):
 garbage-first heap   total 94208K, used 83265K [0x0000000700000000, 0x0000000800000000)
  region size 2048K, 21 young (43008K), 2 survivors (4096K)
 Metaspace       used 67505K, committed 69312K, reserved 1114112K
  class space    used 9241K, committed 10112K, reserved 1048576K
}
Event: 10.129 GC heap after
{Heap after GC invocations=19 (full 0):
 garbage-first heap   total 94208K, used 46475K [0x0000000700000000, 0x0000000800000000)
  region size 2048K, 3 young (6144K), 3 survivors (6144K)
 Metaspace       used 67505K, committed 69312K, reserved 1114112K
  class space    used 9241K, committed 10112K, reserved 1048576K
}
Event: 10.659 GC heap before
{Heap before GC invocations=19 (full 0):
 garbage-first heap   total 94208K, used 79243K [0x0000000700000000, 0x0000000800000000)
  region size 2048K, 19 young (38912K), 3 survivors (6144K)
 Metaspace       used 71130K, committed 72960K, reserved 1114112K
  class space    used 9822K, committed 10752K, reserved 1048576K
}
Event: 10.665 GC heap after
{Heap after GC invocations=20 (full 0):
 garbage-first heap   total 94208K, used 48546K [0x0000000700000000, 0x0000000800000000)
  region size 2048K, 2 young (4096K), 2 survivors (4096K)
 Metaspace       used 71130K, committed 72960K, reserved 1114112K
  class space    used 9822K, committed 10752K, reserved 1048576K
}

Dll operation events (3 events):
Event: 0.011 Loaded shared library C:\Program Files\Android\Android Studio\jbr\bin\java.dll
Event: 0.017 Loaded shared library C:\Program Files\Android\Android Studio\jbr\bin\zip.dll
Event: 0.507 Loaded shared library C:\Program Files\Android\Android Studio\jbr\bin\verify.dll

Deoptimization events (20 events):
Event: 10.436 Thread 0x0000027371b57330 Uncommon trap: trap_request=0xffffffc6 fr.pc=0x000002735bdab938 relative=0x0000000000000e38
Event: 10.436 Thread 0x0000027371b57330 Uncommon trap: reason=bimorphic_or_optimized_type_check action=maybe_recompile pc=0x000002735bdab938 method=java.util.HashMap.computeIfAbsent(Ljava/lang/Object;Ljava/util/function/Function;)Ljava/lang/Object; @ 142 c2
Event: 10.436 Thread 0x0000027371b57330 DEOPT PACKING pc=0x000002735bdab938 sp=0x000000f1c54f69c0
Event: 10.436 Thread 0x0000027371b57330 DEOPT UNPACKING pc=0x000002735b5446a2 sp=0x000000f1c54f6988 mode 2
Event: 10.540 Thread 0x0000027371b57330 Uncommon trap: trap_request=0xffffffc6 fr.pc=0x000002735bdab938 relative=0x0000000000000e38
Event: 10.540 Thread 0x0000027371b57330 Uncommon trap: reason=bimorphic_or_optimized_type_check action=maybe_recompile pc=0x000002735bdab938 method=java.util.HashMap.computeIfAbsent(Ljava/lang/Object;Ljava/util/function/Function;)Ljava/lang/Object; @ 142 c2
Event: 10.540 Thread 0x0000027371b57330 DEOPT PACKING pc=0x000002735bdab938 sp=0x000000f1c54f8b70
Event: 10.540 Thread 0x0000027371b57330 DEOPT UNPACKING pc=0x000002735b5446a2 sp=0x000000f1c54f8b38 mode 2
Event: 10.714 Thread 0x0000027371b57330 Uncommon trap: trap_request=0xffffff45 fr.pc=0x000002735bdb2f80 relative=0x0000000000000400
Event: 10.714 Thread 0x0000027371b57330 Uncommon trap: reason=unstable_if action=reinterpret pc=0x000002735bdb2f80 method=org.gradle.internal.reflect.PropertyAccessorType.isSetterName(Ljava/lang/String;)Z @ 14 c2
Event: 10.714 Thread 0x0000027371b57330 DEOPT PACKING pc=0x000002735bdb2f80 sp=0x000000f1c54f71e0
Event: 10.714 Thread 0x0000027371b57330 DEOPT UNPACKING pc=0x000002735b5446a2 sp=0x000000f1c54f7138 mode 2
Event: 10.725 Thread 0x0000027371b57330 Uncommon trap: trap_request=0xffffffc6 fr.pc=0x000002735bdab938 relative=0x0000000000000e38
Event: 10.725 Thread 0x0000027371b57330 Uncommon trap: reason=bimorphic_or_optimized_type_check action=maybe_recompile pc=0x000002735bdab938 method=java.util.HashMap.computeIfAbsent(Ljava/lang/Object;Ljava/util/function/Function;)Ljava/lang/Object; @ 142 c2
Event: 10.725 Thread 0x0000027371b57330 DEOPT PACKING pc=0x000002735bdab938 sp=0x000000f1c54f6f30
Event: 10.725 Thread 0x0000027371b57330 DEOPT UNPACKING pc=0x000002735b5446a2 sp=0x000000f1c54f6ef8 mode 2
Event: 10.830 Thread 0x00000273763d8580 Uncommon trap: trap_request=0xffffff76 fr.pc=0x000002735bc474cc relative=0x00000000000001ec
Event: 10.830 Thread 0x00000273763d8580 Uncommon trap: reason=predicate action=maybe_recompile pc=0x000002735bc474cc method=java.util.TreeMap.getEntryUsingComparator(Ljava/lang/Object;)Ljava/util/TreeMap$Entry; @ 19 c2
Event: 10.830 Thread 0x00000273763d8580 DEOPT PACKING pc=0x000002735bc474cc sp=0x000000f1c69fdc10
Event: 10.830 Thread 0x00000273763d8580 DEOPT UNPACKING pc=0x000002735b5446a2 sp=0x000000f1c69fdba0 mode 2

Classes loaded (20 events):
Event: 8.640 Loading class java/util/regex/Pattern$SliceI done
Event: 9.794 Loading class java/util/ArrayList$SubList$1
Event: 9.794 Loading class java/util/ArrayList$SubList$1 done
Event: 9.807 Loading class java/lang/Override
Event: 9.807 Loading class java/lang/Override done
Event: 10.115 Loading class java/lang/AbstractMethodError
Event: 10.115 Loading class java/lang/AbstractMethodError done
Event: 10.138 Loading class java/io/DeleteOnExitHook
Event: 10.138 Loading class java/io/DeleteOnExitHook done
Event: 10.138 Loading class java/io/DeleteOnExitHook$1
Event: 10.138 Loading class java/io/DeleteOnExitHook$1 done
Event: 10.363 Loading class java/util/Comparators$NaturalOrderComparator
Event: 10.363 Loading class java/util/Comparators$NaturalOrderComparator done
Event: 10.538 Loading class java/util/Collections$2
Event: 10.538 Loading class java/util/Collections$2 done
Event: 10.785 Loading class java/util/IdentityHashMap$KeyIterator
Event: 10.785 Loading class java/util/IdentityHashMap$IdentityHashMapIterator
Event: 10.785 Loading class java/util/IdentityHashMap$IdentityHashMapIterator done
Event: 10.785 Loading class java/util/IdentityHashMap$KeyIterator done
Event: 12.871 Loading class java/util/concurrent/LinkedBlockingDeque$Itr

Classes unloaded (0 events):
No events

Classes redefined (0 events):
No events

Internal exceptions (20 events):
Event: 7.837 Thread 0x0000027371b57330 Exception <a 'java/lang/NoSuchMethodError'{0x00000007040043f0}: 'java.lang.Object java.lang.invoke.Invokers$Holder.linkToTargetMethod(java.lang.Object, java.lang.Object, long, java.lang.Object, java.lang.Object)'> (0x00000007040043f0) 
thrown [s\src\hotspot\share\interpreter\linkResolver.cpp, line 784]
Event: 7.906 Thread 0x0000027371b57330 Exception <a 'java/lang/NoSuchMethodError'{0x0000000703e7a520}: 'java.lang.Object java.lang.invoke.DirectMethodHandle$Holder.newInvokeSpecial(java.lang.Object, java.lang.Object, java.lang.Object, java.lang.Object, java.lang.Object, java.lang.Object, java.lang.Object, java.lang.Object, java.lang.Object, java.lang.Object, java.lang.Object, java.lang.Object, java.lang.Object, java.lang.Object, java.lang.Object, java.lang.Object, java.lang.Object, java.lang.Object, java.lang.Object, java.lang.Object, java.lang
Event: 8.060 Thread 0x0000027371b57330 Exception <a 'java/lang/NoSuchMethodError'{0x00000007038a9138}: 'java.lang.Object java.lang.invoke.DirectMethodHandle$Holder.newInvokeSpecial(java.lang.Object, int, java.lang.Object)'> (0x00000007038a9138) 
thrown [s\src\hotspot\share\interpreter\linkResolver.cpp, line 784]
Event: 8.110 Thread 0x0000027371b57330 Exception <a 'java/lang/NoSuchMethodError'{0x00000007036d3d68}: 'java.lang.Object java.lang.invoke.DirectMethodHandle$Holder.invokeSpecial(java.lang.Object, java.lang.Object, long, java.lang.Object, java.lang.Object)'> (0x00000007036d3d68) 
thrown [s\src\hotspot\share\interpreter\linkResolver.cpp, line 784]
Event: 8.563 Thread 0x0000027371b57330 Exception <a 'java/lang/NoSuchMethodError'{0x000000070e525ce8}: 'java.lang.Object java.lang.invoke.DirectMethodHandle$Holder.newInvokeSpecial(java.lang.Object, java.lang.Object, java.lang.Object, java.lang.Object, java.lang.Object, java.lang.Object, java.lang.Object, java.lang.Object, java.lang.Object, java.lang.Object, java.lang.Object, java.lang.Object, java.lang.Object, java.lang.Object, java.lang.Object, java.lang.Object)'> (0x000000070e525ce8) 
thrown [s\src\hotspot\share\interpreter\linkResolver.cpp,
Event: 8.564 Thread 0x0000027371b57330 Exception <a 'java/lang/NoSuchMethodError'{0x000000070e52cf78}: 'java.lang.Object java.lang.invoke.DirectMethodHandle$Holder.invokeSpecial(java.lang.Object, java.lang.Object, java.lang.Object, java.lang.Object, java.lang.Object, java.lang.Object, java.lang.Object, java.lang.Object, java.lang.Object, java.lang.Object, java.lang.Object, java.lang.Object, java.lang.Object, java.lang.Object, java.lang.Object, java.lang.Object, java.lang.Object)'> (0x000000070e52cf78) 
thrown [s\src\hotspot\share\interpreter\li
Event: 8.564 Thread 0x0000027371b57330 Exception <a 'java/lang/NoSuchMethodError'{0x000000070e5333d8}: 'java.lang.Object java.lang.invoke.DelegatingMethodHandle$Holder.reinvoke_L(java.lang.Object, java.lang.Object, java.lang.Object, java.lang.Object, java.lang.Object, java.lang.Object, java.lang.Object, java.lang.Object, java.lang.Object, java.lang.Object, java.lang.Object, java.lang.Object, java.lang.Object, java.lang.Object, java.lang.Object, java.lang.Object)'> (0x000000070e5333d8) 
thrown [s\src\hotspot\share\interpreter\linkResolver.cpp, l
Event: 8.769 Thread 0x0000027371b57330 Exception <a 'java/lang/NoSuchMethodError'{0x000000070480ec50}: 'void java.lang.invoke.DirectMethodHandle$Holder.invokeVirtual(java.lang.Object, java.lang.Object)'> (0x000000070480ec50) 
thrown [s\src\hotspot\share\interpreter\linkResolver.cpp, line 784]
Event: 9.056 Thread 0x0000027371b57330 Exception <a 'java/lang/NoSuchMethodError'{0x0000000703e75a48}: 'java.lang.Object java.lang.invoke.DirectMethodHandle$Holder.newInvokeSpecial(java.lang.Object, java.lang.Object, java.lang.Object, java.lang.Object, java.lang.Object, java.lang.Object, java.lang.Object, java.lang.Object, java.lang.Object, java.lang.Object, java.lang.Object, java.lang.Object, java.lang.Object, java.lang.Object, java.lang.Object, java.lang.Object, java.lang.Object, java.lang.Object, java.lang.Object, java.lang.Object, java.lang
Event: 10.094 Thread 0x0000027371b57330 Exception <a 'java/lang/NoSuchMethodError'{0x0000000703986f20}: 'void java.lang.invoke.DirectMethodHandle$Holder.invokeInterface(java.lang.Object, java.lang.Object, java.lang.Object, java.lang.Object)'> (0x0000000703986f20) 
thrown [s\src\hotspot\share\interpreter\linkResolver.cpp, line 784]
Event: 10.201 Thread 0x0000027371b57330 Exception <a 'java/lang/NoSuchMethodError'{0x000000070ebeb5a8}: 'java.lang.Object java.lang.invoke.DirectMethodHandle$Holder.newInvokeSpecial(java.lang.Object, java.lang.Object, java.lang.Object, int)'> (0x000000070ebeb5a8) 
thrown [s\src\hotspot\share\interpreter\linkResolver.cpp, line 784]
Event: 10.202 Thread 0x0000027371b57330 Exception <a 'java/lang/NoSuchMethodError'{0x000000070ebefc68}: 'java.lang.Object java.lang.invoke.Invokers$Holder.linkToTargetMethod(java.lang.Object, java.lang.Object, int, java.lang.Object)'> (0x000000070ebefc68) 
thrown [s\src\hotspot\share\interpreter\linkResolver.cpp, line 784]
Event: 10.232 Thread 0x0000027371b57330 Exception <a 'java/lang/NoSuchMethodError'{0x000000070e62b958}: 'int java.lang.invoke.DirectMethodHandle$Holder.invokeSpecialIFC(java.lang.Object, java.lang.Object, java.lang.Object)'> (0x000000070e62b958) 
thrown [s\src\hotspot\share\interpreter\linkResolver.cpp, line 784]
Event: 10.302 Thread 0x0000027371b57330 Exception <a 'java/lang/NoSuchMethodError'{0x0000000704e20bd0}: 'java.lang.Object java.lang.invoke.DirectMethodHandle$Holder.invokeSpecial(java.lang.Object, java.lang.Object, java.lang.Object, java.lang.Object, java.lang.Object, long)'> (0x0000000704e20bd0) 
thrown [s\src\hotspot\share\interpreter\linkResolver.cpp, line 784]
Event: 10.304 Thread 0x0000027371b57330 Exception <a 'java/lang/NoSuchMethodError'{0x0000000704e46918}: 'void java.lang.invoke.DirectMethodHandle$Holder.invokeStatic(java.lang.Object, java.lang.Object, java.lang.Object, int, java.lang.Object)'> (0x0000000704e46918) 
thrown [s\src\hotspot\share\interpreter\linkResolver.cpp, line 784]
Event: 10.316 Thread 0x0000027371b57330 Exception <a 'java/lang/NoSuchMethodError'{0x0000000704f25660}: 'int java.lang.invoke.DirectMethodHandle$Holder.invokeInterface(java.lang.Object, java.lang.Object, java.lang.Object, java.lang.Object, java.lang.Object)'> (0x0000000704f25660) 
thrown [s\src\hotspot\share\interpreter\linkResolver.cpp, line 784]
Event: 10.360 Thread 0x0000027371b57330 Exception <a 'java/lang/NoSuchMethodError'{0x0000000704cdde08}: 'void java.lang.invoke.DirectMethodHandle$Holder.invokeStatic(java.lang.Object, java.lang.Object, java.lang.Object, java.lang.Object, java.lang.Object, java.lang.Object, java.lang.Object, java.lang.Object)'> (0x0000000704cdde08) 
thrown [s\src\hotspot\share\interpreter\linkResolver.cpp, line 784]
Event: 10.723 Thread 0x0000027371b57330 Exception <a 'java/lang/NoSuchMethodError'{0x000000070fd17f48}: 'java.lang.Object java.lang.invoke.DirectMethodHandle$Holder.newInvokeSpecial(java.lang.Object, java.lang.Object, java.lang.Object, java.lang.Object, java.lang.Object, java.lang.Object, int)'> (0x000000070fd17f48) 
thrown [s\src\hotspot\share\interpreter\linkResolver.cpp, line 784]
Event: 10.724 Thread 0x0000027371b57330 Exception <a 'java/lang/NoSuchMethodError'{0x000000070fd1d498}: 'java.lang.Object java.lang.invoke.DirectMethodHandle$Holder.invokeSpecial(java.lang.Object, java.lang.Object, java.lang.Object, java.lang.Object, java.lang.Object, java.lang.Object, java.lang.Object, int)'> (0x000000070fd1d498) 
thrown [s\src\hotspot\share\interpreter\linkResolver.cpp, line 784]
Event: 10.825 Thread 0x00000273763d8580 Exception <a 'java/lang/NoSuchMethodError'{0x000000070eb7a4e0}: 'java.lang.Object java.lang.invoke.DirectMethodHandle$Holder.newInvokeSpecial(java.lang.Object, java.lang.Object, int, java.lang.Object, java.lang.Object)'> (0x000000070eb7a4e0) 
thrown [s\src\hotspot\share\interpreter\linkResolver.cpp, line 784]

ZGC Phase Switch (0 events):
No events

VM Operations (20 events):
Event: 9.203 Executing VM operation: ICBufferFull
Event: 9.203 Executing VM operation: ICBufferFull done
Event: 9.334 Executing VM operation: G1CollectForAllocation (G1 Evacuation Pause)
Event: 9.338 Executing VM operation: G1CollectForAllocation (G1 Evacuation Pause) done
Event: 10.124 Executing VM operation: G1CollectForAllocation (G1 Evacuation Pause)
Event: 10.129 Executing VM operation: G1CollectForAllocation (G1 Evacuation Pause) done
Event: 10.234 Executing VM operation: HandshakeAllThreads (Deoptimize)
Event: 10.234 Executing VM operation: HandshakeAllThreads (Deoptimize) done
Event: 10.242 Executing VM operation: HandshakeAllThreads (Deoptimize)
Event: 10.243 Executing VM operation: HandshakeAllThreads (Deoptimize) done
Event: 10.618 Executing VM operation: ICBufferFull
Event: 10.618 Executing VM operation: ICBufferFull done
Event: 10.659 Executing VM operation: G1CollectForAllocation (G1 Evacuation Pause)
Event: 10.665 Executing VM operation: G1CollectForAllocation (G1 Evacuation Pause) done
Event: 10.716 Executing VM operation: G1PauseRemark
Event: 10.720 Executing VM operation: G1PauseRemark done
Event: 10.744 Executing VM operation: G1PauseCleanup
Event: 10.745 Executing VM operation: G1PauseCleanup done
Event: 11.751 Executing VM operation: Cleanup
Event: 12.870 Executing VM operation: Cleanup done

Memory protections (0 events):
No events

Nmethod flushes (20 events):
Event: 10.719 Thread 0x000002736aed7140 flushing  nmethod 0x0000027354416b90
Event: 10.719 Thread 0x000002736aed7140 flushing  nmethod 0x000002735449ce10
Event: 10.719 Thread 0x000002736aed7140 flushing  nmethod 0x000002735449db90
Event: 10.719 Thread 0x000002736aed7140 flushing  nmethod 0x000002735449e110
Event: 10.719 Thread 0x000002736aed7140 flushing  nmethod 0x00000273544afa10
Event: 10.719 Thread 0x000002736aed7140 flushing  nmethod 0x00000273544aff10
Event: 10.719 Thread 0x000002736aed7140 flushing  nmethod 0x0000027354589e90
Event: 10.719 Thread 0x000002736aed7140 flushing  nmethod 0x000002735458ab10
Event: 10.719 Thread 0x000002736aed7140 flushing  nmethod 0x000002735458af90
Event: 10.719 Thread 0x000002736aed7140 flushing  nmethod 0x000002735458b310
Event: 10.719 Thread 0x000002736aed7140 flushing  nmethod 0x00000273545b2590
Event: 10.719 Thread 0x000002736aed7140 flushing  nmethod 0x000002735468e310
Event: 10.719 Thread 0x000002736aed7140 flushing  nmethod 0x0000027354773e90
Event: 10.719 Thread 0x000002736aed7140 flushing  nmethod 0x000002735483f490
Event: 10.719 Thread 0x000002736aed7140 flushing  nmethod 0x000002735485bf10
Event: 10.719 Thread 0x000002736aed7140 flushing  nmethod 0x00000273548b7510
Event: 10.719 Thread 0x000002736aed7140 flushing  nmethod 0x00000273548b7910
Event: 10.719 Thread 0x000002736aed7140 flushing  nmethod 0x00000273548b8210
Event: 10.719 Thread 0x000002736aed7140 flushing  nmethod 0x00000273548b8710
Event: 10.719 Thread 0x000002736aed7140 flushing  nmethod 0x000002735490a910

Events (20 events):
Event: 4.554 Thread 0x0000027371b57330 Thread added: 0x00000273732c17a0
Event: 4.641 Thread 0x0000027371b57330 Thread added: 0x00000273732c52b0
Event: 4.733 Thread 0x0000027371e88240 Thread added: 0x00000273732c5fd0
Event: 5.587 Thread 0x0000027371b57330 Thread added: 0x00000273732c2b50
Event: 6.197 Thread 0x000002736b747b00 Thread exited: 0x000002736b747b00
Event: 6.372 Thread 0x0000027371b57330 Thread added: 0x00000273732c31e0
Event: 6.469 Thread 0x000002736b749d10 Thread added: 0x00000273710dbda0
Event: 8.313 Thread 0x00000273710dbda0 Thread exited: 0x00000273710dbda0
Event: 8.700 Thread 0x0000027371b57330 Thread added: 0x00000273732c80a0
Event: 9.789 Thread 0x000002736b74a3e0 Thread exited: 0x000002736b74a3e0
Event: 10.505 Thread 0x000002736b749d10 Thread added: 0x00000273710df420
Event: 10.722 Thread 0x000002736b749d10 Thread added: 0x00000273710dbda0
Event: 10.818 Thread 0x0000027371b57330 Thread added: 0x00000273763d8580
Event: 10.828 Thread 0x00000273763d8580 Thread added: 0x00000273763d5100
Event: 10.828 Thread 0x00000273763d8580 Thread added: 0x00000273763d5e20
Event: 10.828 Thread 0x00000273763d8580 Thread added: 0x00000273763d8c10
Event: 10.828 Thread 0x00000273763d8580 Thread added: 0x00000273763d71d0
Event: 10.828 Thread 0x00000273763d8580 Thread added: 0x00000273763d5790
Event: 10.828 Thread 0x00000273763d8580 Thread added: 0x00000273763d64b0
Event: 10.828 Thread 0x00000273763d8580 Thread added: 0x00000273763d9930


Dynamic libraries:
0x00007ff778930000 - 0x00007ff77893a000 	C:\Program Files\Android\Android Studio\jbr\bin\java.exe
0x00007ffddee60000 - 0x00007ffddf0c6000 	C:\WINDOWS\SYSTEM32\ntdll.dll
0x00007ffdddc60000 - 0x00007ffdddd29000 	C:\WINDOWS\System32\KERNEL32.DLL
0x00007ffddc770000 - 0x00007ffddcb3c000 	C:\WINDOWS\System32\KERNELBASE.dll
0x00007ffddc090000 - 0x00007ffddc1db000 	C:\WINDOWS\System32\ucrtbase.dll
0x00007ffdca6b0000 - 0x00007ffdca6c8000 	C:\Program Files\Android\Android Studio\jbr\bin\jli.dll
0x00007ffdcd8a0000 - 0x00007ffdcd8bb000 	C:\Program Files\Android\Android Studio\jbr\bin\VCRUNTIME140.dll
0x00007ffdde9b0000 - 0x00007ffddeb7a000 	C:\WINDOWS\System32\USER32.dll
0x00007ffdcb410000 - 0x00007ffdcb6aa000 	C:\WINDOWS\WinSxS\amd64_microsoft.windows.common-controls_6595b64144ccf1df_6.0.26100.3912_none_3e07963ce335137e\COMCTL32.dll
0x00007ffddcb40000 - 0x00007ffddcb67000 	C:\WINDOWS\System32\win32u.dll
0x00007ffddcca0000 - 0x00007ffddcd49000 	C:\WINDOWS\System32\msvcrt.dll
0x00007ffdde890000 - 0x00007ffdde8bb000 	C:\WINDOWS\System32\GDI32.dll
0x00007ffddc1e0000 - 0x00007ffddc312000 	C:\WINDOWS\System32\gdi32full.dll
0x00007ffddcb70000 - 0x00007ffddcc13000 	C:\WINDOWS\System32\msvcp_win.dll
0x00007ffdddc20000 - 0x00007ffdddc50000 	C:\WINDOWS\System32\IMM32.DLL
0x00007ffdd4f50000 - 0x00007ffdd4f5c000 	C:\Program Files\Android\Android Studio\jbr\bin\vcruntime140_1.dll
0x00007ffd8de90000 - 0x00007ffd8df1d000 	C:\Program Files\Android\Android Studio\jbr\bin\msvcp140.dll
0x00007ffd52850000 - 0x00007ffd534da000 	C:\Program Files\Android\Android Studio\jbr\bin\server\jvm.dll
0x00007ffddd180000 - 0x00007ffddd232000 	C:\WINDOWS\System32\ADVAPI32.dll
0x00007ffddd0d0000 - 0x00007ffddd176000 	C:\WINDOWS\System32\sechost.dll
0x00007ffddcdd0000 - 0x00007ffddcee6000 	C:\WINDOWS\System32\RPCRT4.dll
0x00007ffddcc20000 - 0x00007ffddcc94000 	C:\WINDOWS\System32\WS2_32.dll
0x00007ffddac40000 - 0x00007ffddac9e000 	C:\WINDOWS\SYSTEM32\POWRPROF.dll
0x00007ffdcb6b0000 - 0x00007ffdcb6e6000 	C:\WINDOWS\SYSTEM32\WINMM.dll
0x00007ffdd2320000 - 0x00007ffdd232b000 	C:\WINDOWS\SYSTEM32\VERSION.dll
0x00007ffddac20000 - 0x00007ffddac34000 	C:\WINDOWS\SYSTEM32\UMPDC.dll
0x00007ffddaed0000 - 0x00007ffddaeea000 	C:\WINDOWS\SYSTEM32\kernel.appcore.dll
0x00007ffdd4170000 - 0x00007ffdd417a000 	C:\Program Files\Android\Android Studio\jbr\bin\jimage.dll
0x00007ffdd67c0000 - 0x00007ffdd6a01000 	C:\WINDOWS\SYSTEM32\DBGHELP.DLL
0x00007ffdde390000 - 0x00007ffdde714000 	C:\WINDOWS\System32\combase.dll
0x00007ffdde8c0000 - 0x00007ffdde9a0000 	C:\WINDOWS\System32\OLEAUT32.dll
0x00007ffdb6ca0000 - 0x00007ffdb6cd9000 	C:\WINDOWS\SYSTEM32\dbgcore.DLL
0x00007ffddbff0000 - 0x00007ffddc089000 	C:\WINDOWS\System32\bcryptPrimitives.dll
0x00007ffdcd110000 - 0x00007ffdcd11e000 	C:\Program Files\Android\Android Studio\jbr\bin\instrument.dll
0x00007ffdcd6c0000 - 0x00007ffdcd6e0000 	C:\Program Files\Android\Android Studio\jbr\bin\java.dll
0x00007ffdcd660000 - 0x00007ffdcd678000 	C:\Program Files\Android\Android Studio\jbr\bin\zip.dll
0x00007ffddd2f0000 - 0x00007ffddda1d000 	C:\WINDOWS\System32\SHELL32.dll
0x00007ffddc470000 - 0x00007ffddc5e4000 	C:\WINDOWS\System32\wintypes.dll
0x00007ffdd9cc0000 - 0x00007ffdda516000 	C:\WINDOWS\SYSTEM32\windows.storage.dll
0x00007ffddecf0000 - 0x00007ffddeddf000 	C:\WINDOWS\System32\SHCORE.dll
0x00007ffddcd50000 - 0x00007ffddcdb9000 	C:\WINDOWS\System32\shlwapi.dll
0x00007ffddbf00000 - 0x00007ffddbf2f000 	C:\WINDOWS\SYSTEM32\profapi.dll
0x00007ffdd3df0000 - 0x00007ffdd3e00000 	C:\Program Files\Android\Android Studio\jbr\bin\net.dll
0x00007ffdd46b0000 - 0x00007ffdd47ce000 	C:\WINDOWS\SYSTEM32\WINHTTP.dll
0x00007ffddb440000 - 0x00007ffddb4aa000 	C:\WINDOWS\system32\mswsock.dll
0x00007ffdcd640000 - 0x00007ffdcd656000 	C:\Program Files\Android\Android Studio\jbr\bin\nio.dll
0x00007ffdcd890000 - 0x00007ffdcd8a0000 	C:\Program Files\Android\Android Studio\jbr\bin\verify.dll
0x00007ffdc8390000 - 0x00007ffdc83b7000 	C:\Users\DELL\.gradle\native\c067742578af261105cb4f569cf0c3c89f3d7b1fecec35dd04571415982c5e48\windows-amd64\native-platform.dll
0x00007ffd8ca50000 - 0x00007ffd8cb94000 	C:\Users\DELL\.gradle\native\100fb08df4bc3b14c8652ba06237920a3bd2aa13389f12d3474272988ae205f9\windows-amd64\native-platform-file-events.dll
0x00007ffdd1750000 - 0x00007ffdd1759000 	C:\Program Files\Android\Android Studio\jbr\bin\management.dll
0x00007ffdce000000 - 0x00007ffdce00b000 	C:\Program Files\Android\Android Studio\jbr\bin\management_ext.dll
0x00007ffddec10000 - 0x00007ffddec18000 	C:\WINDOWS\System32\PSAPI.DLL
0x00007ffddb6e0000 - 0x00007ffddb6fc000 	C:\WINDOWS\SYSTEM32\CRYPTSP.dll
0x00007ffddae30000 - 0x00007ffddae6a000 	C:\WINDOWS\system32\rsaenh.dll
0x00007ffddb4e0000 - 0x00007ffddb50b000 	C:\WINDOWS\SYSTEM32\USERENV.dll
0x00007ffddbed0000 - 0x00007ffddbef6000 	C:\WINDOWS\SYSTEM32\bcrypt.dll
0x00007ffddb700000 - 0x00007ffddb70c000 	C:\WINDOWS\SYSTEM32\CRYPTBASE.dll
0x00007ffdda880000 - 0x00007ffdda8b3000 	C:\WINDOWS\SYSTEM32\IPHLPAPI.DLL
0x00007ffddcdc0000 - 0x00007ffddcdca000 	C:\WINDOWS\System32\NSI.dll
0x00007ffdd1f00000 - 0x00007ffdd1f09000 	C:\Program Files\Android\Android Studio\jbr\bin\extnet.dll
0x00007ffdd3e20000 - 0x00007ffdd3e28000 	C:\WINDOWS\system32\wshunix.dll

dbghelp: loaded successfully - version: 4.0.5 - missing functions: none
symbol engine: initialized successfully - sym options: 0x614 - pdb path: .;C:\Program Files\Android\Android Studio\jbr\bin;C:\WINDOWS\SYSTEM32;C:\WINDOWS\WinSxS\amd64_microsoft.windows.common-controls_6595b64144ccf1df_6.0.26100.3912_none_3e07963ce335137e;C:\Program Files\Android\Android Studio\jbr\bin\server;C:\Users\DELL\.gradle\native\c067742578af261105cb4f569cf0c3c89f3d7b1fecec35dd04571415982c5e48\windows-amd64;C:\Users\DELL\.gradle\native\100fb08df4bc3b14c8652ba06237920a3bd2aa13389f12d3474272988ae205f9\windows-amd64

VM Arguments:
jvm_args: --add-opens=java.base/java.lang=ALL-UNNAMED --add-opens=java.base/java.lang.invoke=ALL-UNNAMED --add-opens=java.base/java.util=ALL-UNNAMED --add-opens=java.prefs/java.util.prefs=ALL-UNNAMED --add-exports=jdk.compiler/com.sun.tools.javac.api=ALL-UNNAMED --add-exports=jdk.compiler/com.sun.tools.javac.util=ALL-UNNAMED --add-opens=java.base/java.util=ALL-UNNAMED --add-opens=java.prefs/java.util.prefs=ALL-UNNAMED --add-opens=java.base/java.nio.charset=ALL-UNNAMED --add-opens=java.base/java.net=ALL-UNNAMED --add-opens=java.base/java.util.concurrent.atomic=ALL-UNNAMED --add-opens=java.xml/javax.xml.namespace=ALL-UNNAMED -XX:MaxMetaspaceSize=2G -XX:+HeapDumpOnOutOfMemoryError -Xmx4G -Dfile.encoding=UTF-8 -Duser.country=US -Duser.language=en -Duser.variant -javaagent:C:\Users\DELL\.gradle\wrapper\dists\gradle-8.11.1-all\2qik7nd48slq1ooc2496ixf4i\gradle-8.11.1\lib\agents\gradle-instrumentation-agent-8.11.1.jar 
java_command: org.gradle.launcher.daemon.bootstrap.GradleDaemon 8.11.1
java_class_path (initial): C:\Users\DELL\.gradle\wrapper\dists\gradle-8.11.1-all\2qik7nd48slq1ooc2496ixf4i\gradle-8.11.1\lib\gradle-daemon-main-8.11.1.jar
Launcher Type: SUN_STANDARD

[Global flags]
     intx CICompilerCount                          = 4                                         {product} {ergonomic}
     uint ConcGCThreads                            = 2                                         {product} {ergonomic}
     uint G1ConcRefinementThreads                  = 8                                         {product} {ergonomic}
   size_t G1HeapRegionSize                         = 2097152                                   {product} {ergonomic}
    uintx GCDrainStackTargetSize                   = 64                                        {product} {ergonomic}
     bool HeapDumpOnOutOfMemoryError               = true                                   {manageable} {command line}
   size_t InitialHeapSize                          = 266338304                                 {product} {ergonomic}
   size_t MarkStackSize                            = 4194304                                   {product} {ergonomic}
   size_t MaxHeapSize                              = 4294967296                                {product} {command line}
   size_t MaxMetaspaceSize                         = 2147483648                                {product} {command line}
   size_t MaxNewSize                               = 2575302656                                {product} {ergonomic}
   size_t MinHeapDeltaBytes                        = 2097152                                   {product} {ergonomic}
   size_t MinHeapSize                              = 8388608                                   {product} {ergonomic}
    uintx NonNMethodCodeHeapSize                   = 5839372                                {pd product} {ergonomic}
    uintx NonProfiledCodeHeapSize                  = 122909434                              {pd product} {ergonomic}
    uintx ProfiledCodeHeapSize                     = 122909434                              {pd product} {ergonomic}
    uintx ReservedCodeCacheSize                    = 251658240                              {pd product} {ergonomic}
     bool SegmentedCodeCache                       = true                                      {product} {ergonomic}
   size_t SoftMaxHeapSize                          = 4294967296                             {manageable} {ergonomic}
     bool UseCompressedOops                        = true                           {product lp64_product} {ergonomic}
     bool UseG1GC                                  = true                                      {product} {ergonomic}
     bool UseLargePagesIndividualAllocation        = false                                  {pd product} {ergonomic}

Logging:
Log output configuration:
 #0: stdout all=warning uptime,level,tags foldmultilines=false
 #1: stderr all=off uptime,level,tags foldmultilines=false

Environment Variables:
JAVA_HOME=C:\Program Files\Android\Android Studio\jbr
CLASSPATH=E:\NewProAmbit\Ambit-Pro\android\\gradle\wrapper\gradle-wrapper.jar
PATH=C:\Program Files\Android\Android Studio\jbr\bin;C:\Python313\Scripts\;C:\Python313\;C:\Python312\Scripts\;C:\Python312\;C:\Program Files\Common Files\Oracle\Java\javapath;C:\Windows\system32;C:\Windows;C:\Windows\System32\Wbem;C:\Windows\System32\WindowsPowerShell\v1.0\;C:\Windows\System32\OpenSSH\;C:\Program Files (x86)\NVIDIA Corporation\PhysX\Common;C:\Program Files\Git\cmd;C:\ProgramData\chocolatey\bin;C:\WINDOWS\system32;C:\WINDOWS;C:\WINDOWS\System32\Wbem;C:\WINDOWS\System32\WindowsPowerShell\v1.0\;C:\WINDOWS\System32\OpenSSH\;C:\Users\DELL\AppData\Local\Pub\Cache\bin;C:\Program Files\Java\jdk-22\bin;C:\Program Files\nodejs\;C:\Program Files\PuTTY\;C:\Users\DELL\AppData\Local\Android\Sdk\cmdline-tools\latest\bin;C:\Users\DELL\AppData\Local\Microsoft\WindowsApps;C:\Users\DELL\Downloads\flutter_windows_3.22.0-stable\flutter\bin;C:\Users\DELL\AppData\Local\Pub\Cache\bin;C:\Users\DELL\AppData\Local\Programs\Microsoft VS Code\bin;C:\Users\DELL\AppData\Roaming\npm;;C:\Users\DELL\Downloads\flutter_windows_3.22.0-stable\flutter\bin\mingit\cmd
USERNAME=DELL
OS=Windows_NT
PROCESSOR_IDENTIFIER=Intel64 Family 6 Model 142 Stepping 10, GenuineIntel
TMP=C:\Users\DELL\AppData\Local\Temp
TEMP=C:\Users\DELL\AppData\Local\Temp




Periodic native trim disabled

JNI global refs:
JNI global refs: 27, weak refs: 0

JNI global refs memory usage: 835, weak refs: 833

Process memory usage:
Resident Set Size: 313976K (1% of 16596796K total physical memory with 1874036K free physical memory)

OOME stack traces (most recent first):
Classloader memory used:
Loader org.gradle.internal.classloader.VisitableURLClassLoader                         : 36998K
Loader bootstrap                                                                       : 23157K
Loader org.gradle.initialization.MixInLegacyTypesClassLoader                           : 10988K
Loader jdk.internal.loader.ClassLoaders$PlatformClassLoader                            : 507K
Loader jdk.internal.loader.ClassLoaders$AppClassLoader                                 : 234K
Loader org.gradle.groovy.scripts.internal.DefaultScriptCompilationHandler$ScriptClassLoader: 50344B
Loader org.gradle.internal.classloader.VisitableURLClassLoader                         : 46576B
Loader org.codehaus.groovy.runtime.callsite.CallSiteClassLoader                        : 17128B
Loader jdk.internal.reflect.DelegatingClassLoader                                      : 3504B

Classes loaded by more than one classloader:
Class Program                                                                         : loaded 3 times (x 68B)
Class org.gradle.internal.classloader.ClassLoaderHierarchy                            : loaded 2 times (x 66B)
Class org.gradle.api.internal.classpath.ManifestUtil                                  : loaded 2 times (x 67B)
Class org.gradle.internal.classloader.DefaultClassLoaderFactory                       : loaded 2 times (x 78B)
Class org.gradle.internal.classloader.ClassLoaderVisitor                              : loaded 2 times (x 72B)
Class org.gradle.api.internal.classpath.EffectiveClassPath                            : loaded 2 times (x 86B)
Class org.gradle.api.internal.DefaultClassPathProvider                                : loaded 2 times (x 72B)
Class [Lorg.gradle.api.internal.ClassPathProvider;                                    : loaded 2 times (x 65B)
Class org.gradle.api.internal.ClassPathProvider                                       : loaded 2 times (x 66B)
Class org.gradle.internal.service.UnknownServiceException                             : loaded 2 times (x 79B)
Class org.gradle.internal.classpath.TransformedClassPath                              : loaded 2 times (x 92B)
Class org.gradle.internal.classloader.InstrumentingClassLoader                        : loaded 2 times (x 66B)
Class org.gradle.internal.service.ServiceLocator                                      : loaded 2 times (x 66B)
Class org.gradle.internal.InternalTransformer                                         : loaded 2 times (x 66B)
Class org.gradle.internal.classloader.ClasspathUtil$1                                 : loaded 2 times (x 72B)
Class org.gradle.api.internal.classpath.DefaultModuleRegistry$DefaultModule           : loaded 2 times (x 82B)
Class org.gradle.api.internal.classpath.Module                                        : loaded 2 times (x 66B)
Class org.gradle.api.internal.classpath.UnknownModuleException                        : loaded 2 times (x 78B)
Class org.gradle.api.internal.DefaultClassPathRegistry                                : loaded 2 times (x 72B)
Class org.gradle.api.internal.ClassPathRegistry                                       : loaded 2 times (x 66B)
Class org.gradle.internal.classpath.DefaultClassPath$ImmutableUniqueList              : loaded 2 times (x 195B)
Class org.gradle.internal.classloader.FilteringClassLoader                            : loaded 2 times (x 101B)
Class org.gradle.internal.classpath.ClassPath                                         : loaded 2 times (x 66B)
Class org.gradle.api.UncheckedIOException                                             : loaded 2 times (x 78B)
Class org.gradle.internal.installation.GradleInstallation$1                           : loaded 2 times (x 71B)
Class org.gradle.api.internal.classpath.ModuleRegistry                                : loaded 2 times (x 66B)
Class org.gradle.api.internal.classpath.DefaultModuleRegistry                         : loaded 2 times (x 82B)
Class org.gradle.internal.service.ServiceLookupException                              : loaded 2 times (x 78B)
Class org.gradle.internal.classloader.ClassLoaderFactory                              : loaded 2 times (x 66B)
Class org.gradle.internal.service.CachingServiceLocator                               : loaded 2 times (x 78B)
Class org.gradle.internal.classloader.ClasspathUtil                                   : loaded 2 times (x 67B)
Class org.gradle.api.specs.Spec                                                       : loaded 2 times (x 66B)
Class Build_gradle$1                                                                  : loaded 2 times (x 70B)
Class org.gradle.internal.classloader.VisitableURLClassLoader$InstrumentingVisitableURLClassLoader: loaded 2 times (x 119B)
Class org.gradle.internal.classloader.VisitableURLClassLoader$Spec                    : loaded 2 times (x 70B)
Class org.gradle.internal.classpath.DefaultClassPath                                  : loaded 2 times (x 86B)
Class org.gradle.internal.classloader.ClassLoaderSpec                                 : loaded 2 times (x 67B)
Class org.gradle.internal.classloader.VisitableURLClassLoader                         : loaded 2 times (x 113B)
Class org.gradle.internal.Cast                                                        : loaded 2 times (x 67B)
Class org.gradle.api.Action                                                           : loaded 2 times (x 66B)
Class org.gradle.internal.classpath.DefaultClassPath$ImmutableUniqueList$Builder      : loaded 2 times (x 71B)
Class org.gradle.api.GradleException                                                  : loaded 2 times (x 78B)
Class org.gradle.internal.IoActions                                                   : loaded 2 times (x 67B)
Class org.gradle.internal.classloader.SystemClassLoaderSpec                           : loaded 2 times (x 67B)
Class org.gradle.api.internal.classpath.GlobalCacheRootsProvider                      : loaded 2 times (x 66B)
Class Build_gradle                                                                    : loaded 2 times (x 126B)
Class org.gradle.internal.installation.CurrentGradleInstallationLocator               : loaded 2 times (x 67B)
Class org.gradle.internal.service.DefaultServiceLocator                               : loaded 2 times (x 79B)
Class org.gradle.internal.installation.CurrentGradleInstallation                      : loaded 2 times (x 69B)
Class org.gradle.util.internal.GUtil                                                  : loaded 2 times (x 67B)
Class org.gradle.internal.installation.GradleInstallation                             : loaded 2 times (x 71B)

---------------  S Y S T E M  ---------------

OS:
 Windows 11 , 64 bit Build 26100 (10.0.26100.3912)
OS uptime: 4 days 9:08 hours

CPU: total 8 (initial active 8) (4 cores per cpu, 2 threads per core) family 6 model 142 stepping 10 microcode 0xf4, cx8, cmov, fxsr, ht, mmx, 3dnowpref, sse, sse2, sse3, ssse3, sse4.1, sse4.2, popcnt, lzcnt, tsc, tscinvbit, avx, avx2, aes, erms, clmul, bmi1, bmi2, rtm, adx, fma, vzeroupper, clflush, clflushopt, rdtscp, f16c
Processor Information for all 8 processors :
  Max Mhz: 2112, Current Mhz: 1910, Mhz Limit: 1900

Memory: 4k page, system-wide physical 16207M (1829M free)
TotalPageFile size 18255M (AvailPageFile size 7M)
current process WorkingSet (physical memory assigned to process): 306M, peak: 315M
current process commit charge ("private bytes"): 347M, peak: 385M

vm_info: OpenJDK 64-Bit Server VM (21.0.5+-13047016-b750.29) for windows-amd64 JRE (21.0.5+-13047016-b750.29), built on 2025-02-11T21:12:39Z by "builder" with MS VC++ 16.10 / 16.11 (VS2019)

END.
